28434 --- SIGCHLD (Child exited) @ 0 (0) ---
28433 --- SIGCHLD (Child exited) @ 0 (0) ---
28433 --- SIGCHLD (Child exited) @ 0 (0) ---
28433 --- SIGCHLD (Child exited) @ 0 (0) ---
28440 sendto(5, "}-\304Q\0\0\0\0\0\0\0\2\0\1\206\244\0\0\0\2\0\0\0\3\0\0\0\0\0\0\0\0\0\0\0\0\0\0\0\0\0\0\0\2cs\0\0\0\0\0\fpasswd.byuid\0\0\0\00510772\0\0\0", 76, 0, {sa_family=AF_INET, sin_port=htons(702), sin_addr=inet_addr("128.135.164.77")}, 16) = 76
28440 recvfrom(5, "}-\304Q\0\0\0\1\0\0\0\0\0\0\0\0\0\0\0\0\0\0\0\0\0\0\0\1\0\0\0Zmolbakr:rjnKekTRLByoI:10772:10060:Reed Frederik V Molbak:/home/molbakr:/usr/local/bin/bash\0\0", 8800, 0, {sa_family=AF_INET, sin_port=htons(702), sin_addr=inet_addr("128.135.164.77")}, [16]) = 124
28440 sendto(5, "\24\3079\236\0\0\0\0\0\0\0\2\0\1\206\244\0\0\0\2\0\0\0\3\0\0\0\0\0\0\0\0\0\0\0\0\0\0\0\0\0\0\0\2cs\0\0\0\0\0\10netgroup\0\0\0\16cs_users_staff\0\0", 80, 0, {sa_family=AF_INET, sin_port=htons(702), sin_addr=inet_addr("128.135.164.77")}, 16) = 80
28440 recvfrom(5, "\24\3079\236\0\0\0\1\0\0\0\0\0\0\0\0\0\0\0\0\0\0\0\0\0\0\0\1\0\0\0\21cs_users_staff_0 \0\0\0", 8800, 0, {sa_family=AF_INET, sin_port=htons(702), sin_addr=inet_addr("128.135.164.77")}, [16]) = 52
28440 sendto(5, "0:\212Z\0\0\0\0\0\0\0\2\0\1\206\244\0\0\0\2\0\0\0\3\0\0\0\0\0\0\0\0\0\0\0\0\0\0\0\0\0\0\0\2cs\0\0\0\0\0\10netgroup\0\0\0\20cs_users_staff_0", 80, 0, {sa_family=AF_INET, sin_port=htons(702), sin_addr=inet_addr("128.135.164.77")}, 16) = 80
28440 recvfrom(5, "0:\212Z\0\0\0\1\0\0\0\0\0\0\0\0\0\0\0\0\0\0\0\0\0\0\0\1\0\0\0J(-,ts_ts,cs)   (-,rdb,cs)   (-,nick,cs)   (-,aauton,cs)   (-,kauffman,cs) \0\0", 8800, 0, {sa_family=AF_INET, sin_port=htons(702), sin_addr=inet_addr("128.135.164.77")}, [16]) = 108
28440 sendto(5, "G\341\360j\0\0\0\0\0\0\0\2\0\1\206\244\0\0\0\2\0\0\0\3\0\0\0\0\0\0\0\0\0\0\0\0\0\0\0\0\0\0\0\2cs\0\0\0\0\0\fpasswd.byuid\0\0\0\00510772\0\0\0", 76, 0, {sa_family=AF_INET, sin_port=htons(702), sin_addr=inet_addr("128.135.164.77")}, 16) = 76
28440 recvfrom(5, "G\341\360j\0\0\0\1\0\0\0\0\0\0\0\0\0\0\0\0\0\0\0\0\0\0\0\1\0\0\0Zmolbakr:rjnKekTRLByoI:10772:10060:Reed Frederik V Molbak:/home/molbakr:/usr/local/bin/bash\0\0", 8800, 0, {sa_family=AF_INET, sin_port=htons(702), sin_addr=inet_addr("128.135.164.77")}, [16]) = 124
28440 sendto(5, "L\322\302l\0\0\0\0\0\0\0\2\0\1\206\244\0\0\0\2\0\0\0\3\0\0\0\0\0\0\0\0\0\0\0\0\0\0\0\0\0\0\0\2cs\0\0\0\0\0\vgroup.bygid\0\0\0\0\00510060\0\0\0", 76, 0, {sa_family=AF_INET, sin_port=htons(702), sin_addr=inet_addr("128.135.164.77")}, 16) = 76
28440 recvfrom(5, "L\322\302l\0\0\0\1\0\0\0\0\0\0\0\0\0\0\0\0\0\0\0\0\0\0\0\1\0\0\0\34college:*:10060:ashuntwo,ido", 8800, 0, {sa_family=AF_INET, sin_port=htons(702), sin_addr=inet_addr("128.135.164.77")}, [16]) = 60
28440 sendto(5, "&\33\262(\0\0\0\0\0\0\0\2\0\1\206\244\0\0\0\2\0\0\0\3\0\0\0\0\0\0\0\0\0\0\0\0\0\0\0\0\0\0\0\2cs\0\0\0\0\0\vgroup.bygid\0\0\0\0\00510060\0\0\0", 76, 0, {sa_family=AF_INET, sin_port=htons(702), sin_addr=inet_addr("128.135.164.77")}, 16) = 76
28440 recvfrom(5, "&\33\262(\0\0\0\1\0\0\0\0\0\0\0\0\0\0\0\0\0\0\0\0\0\0\0\1\0\0\0\34college:*:10060:ashuntwo,ido", 8800, 0, {sa_family=AF_INET, sin_port=htons(702), sin_addr=inet_addr("128.135.164.77")}, [16]) = 60
28440 sendto(5, "].\0311\0\0\0\0\0\0\0\2\0\1\206\244\0\0\0\2\0\0\0\3\0\0\0\0\0\0\0\0\0\0\0\0\0\0\0\0\0\0\0\2cs\0\0\0\0\0\vgroup.bygid\0\0\0\0\00513139\0\0\0", 76, 0, {sa_family=AF_INET, sin_port=htons(702), sin_addr=inet_addr("128.135.164.77")}, 16) = 76
28440 recvfrom(5, "].\0311\0\0\0\1\0\0\0\0\0\0\0\0\0\0\0\0\0\0\0\0\0\0\0\1\0\0\0&swift-coasters:*:13139:molbakr,jchu542\0\0", 8800, 0, {sa_family=AF_INET, sin_port=htons(702), sin_addr=inet_addr("128.135.164.77")}, [16]) = 72
28439 --- SIGCHLD (Child exited) @ 0 (0) ---
28433 --- SIGCHLD (Child exited) @ 0 (0) ---
28443 sendto(5, "<Gl^\0\0\0\0\0\0\0\2\0\1\206\244\0\0\0\2\0\0\0\3\0\0\0\0\0\0\0\0\0\0\0\0\0\0\0\0\0\0\0\2cs\0\0\0\0\0\fpasswd.byuid\0\0\0\00510772\0\0\0", 76, 0, {sa_family=AF_INET, sin_port=htons(702), sin_addr=inet_addr("128.135.164.77")}, 16) = 76
28443 recvfrom(5, "<Gl^\0\0\0\1\0\0\0\0\0\0\0\0\0\0\0\0\0\0\0\0\0\0\0\1\0\0\0Zmolbakr:rjnKekTRLByoI:10772:10060:Reed Frederik V Molbak:/home/molbakr:/usr/local/bin/bash\0\0", 8800, 0, {sa_family=AF_INET, sin_port=htons(702), sin_addr=inet_addr("128.135.164.77")}, [16]) = 124
28443 sendto(5, "B5\1\360\0\0\0\0\0\0\0\2\0\1\206\244\0\0\0\2\0\0\0\3\0\0\0\0\0\0\0\0\0\0\0\0\0\0\0\0\0\0\0\2cs\0\0\0\0\0\10netgroup\0\0\0\16cs_users_staff\0\0", 80, 0, {sa_family=AF_INET, sin_port=htons(702), sin_addr=inet_addr("128.135.164.77")}, 16) = 80
28443 recvfrom(5, "B5\1\360\0\0\0\1\0\0\0\0\0\0\0\0\0\0\0\0\0\0\0\0\0\0\0\1\0\0\0\21cs_users_staff_0 \0\0\0", 8800, 0, {sa_family=AF_INET, sin_port=htons(702), sin_addr=inet_addr("128.135.164.77")}, [16]) = 52
28443 sendto(5, "a\0\364z\0\0\0\0\0\0\0\2\0\1\206\244\0\0\0\2\0\0\0\3\0\0\0\0\0\0\0\0\0\0\0\0\0\0\0\0\0\0\0\2cs\0\0\0\0\0\10netgroup\0\0\0\20cs_users_staff_0", 80, 0, {sa_family=AF_INET, sin_port=htons(702), sin_addr=inet_addr("128.135.164.77")}, 16) = 80
28443 recvfrom(5, "a\0\364z\0\0\0\1\0\0\0\0\0\0\0\0\0\0\0\0\0\0\0\0\0\0\0\1\0\0\0J(-,ts_ts,cs)   (-,rdb,cs)   (-,nick,cs)   (-,aauton,cs)   (-,kauffman,cs) \0\0", 8800, 0, {sa_family=AF_INET, sin_port=htons(702), sin_addr=inet_addr("128.135.164.77")}, [16]) = 108
28443 sendto(5, "T\254SA\0\0\0\0\0\0\0\2\0\1\206\244\0\0\0\2\0\0\0\3\0\0\0\0\0\0\0\0\0\0\0\0\0\0\0\0\0\0\0\2cs\0\0\0\0\0\fpasswd.byuid\0\0\0\00510772\0\0\0", 76, 0, {sa_family=AF_INET, sin_port=htons(702), sin_addr=inet_addr("128.135.164.77")}, 16) = 76
28443 recvfrom(5, "T\254SA\0\0\0\1\0\0\0\0\0\0\0\0\0\0\0\0\0\0\0\0\0\0\0\1\0\0\0Zmolbakr:rjnKekTRLByoI:10772:10060:Reed Frederik V Molbak:/home/molbakr:/usr/local/bin/bash\0\0", 8800, 0, {sa_family=AF_INET, sin_port=htons(702), sin_addr=inet_addr("128.135.164.77")}, [16]) = 124
28443 sendto(6, "4\211\216\300\0\0\0\0\0\0\0\2\0\1\206\244\0\0\0\2\0\0\0\3\0\0\0\0\0\0\0\0\0\0\0\0\0\0\0\0\0\0\0\2cs\0\0\0\0\0\fpasswd.byuid\0\0\0\00510772\0\0\0", 76, 0, {sa_family=AF_INET, sin_port=htons(702), sin_addr=inet_addr("128.135.164.77")}, 16) = 76
28443 recvfrom(6, "4\211\216\300\0\0\0\1\0\0\0\0\0\0\0\0\0\0\0\0\0\0\0\0\0\0\0\1\0\0\0Zmolbakr:rjnKekTRLByoI:10772:10060:Reed Frederik V Molbak:/home/molbakr:/usr/local/bin/bash\0\0", 8800, 0, {sa_family=AF_INET, sin_port=htons(702), sin_addr=inet_addr("128.135.164.77")}, [16]) = 124
28443 sendto(6, "/j\235\"\0\0\0\0\0\0\0\2\0\1\206\244\0\0\0\2\0\0\0\3\0\0\0\0\0\0\0\0\0\0\0\0\0\0\0\0\0\0\0\2cs\0\0\0\0\0\10netgroup\0\0\0\16cs_users_staff\0\0", 80, 0, {sa_family=AF_INET, sin_port=htons(702), sin_addr=inet_addr("128.135.164.77")}, 16) = 80
28443 recvfrom(6, "/j\235\"\0\0\0\1\0\0\0\0\0\0\0\0\0\0\0\0\0\0\0\0\0\0\0\1\0\0\0\21cs_users_staff_0 \0\0\0", 8800, 0, {sa_family=AF_INET, sin_port=htons(702), sin_addr=inet_addr("128.135.164.77")}, [16]) = 52
28443 sendto(6, "\24\3234\331\0\0\0\0\0\0\0\2\0\1\206\244\0\0\0\2\0\0\0\3\0\0\0\0\0\0\0\0\0\0\0\0\0\0\0\0\0\0\0\2cs\0\0\0\0\0\10netgroup\0\0\0\20cs_users_staff_0", 80, 0, {sa_family=AF_INET, sin_port=htons(702), sin_addr=inet_addr("128.135.164.77")}, 16) = 80
28443 recvfrom(6, "\24\3234\331\0\0\0\1\0\0\0\0\0\0\0\0\0\0\0\0\0\0\0\0\0\0\0\1\0\0\0J(-,ts_ts,cs)   (-,rdb,cs)   (-,nick,cs)   (-,aauton,cs)   (-,kauffman,cs) \0\0", 8800, 0, {sa_family=AF_INET, sin_port=htons(702), sin_addr=inet_addr("128.135.164.77")}, [16]) = 108
28443 sendto(6, "B9\262^\0\0\0\0\0\0\0\2\0\1\206\244\0\0\0\2\0\0\0\3\0\0\0\0\0\0\0\0\0\0\0\0\0\0\0\0\0\0\0\2cs\0\0\0\0\0\fpasswd.byuid\0\0\0\00510772\0\0\0", 76, 0, {sa_family=AF_INET, sin_port=htons(702), sin_addr=inet_addr("128.135.164.77")}, 16) = 76
28443 recvfrom(6, "B9\262^\0\0\0\1\0\0\0\0\0\0\0\0\0\0\0\0\0\0\0\0\0\0\0\1\0\0\0Zmolbakr:rjnKekTRLByoI:10772:10060:Reed Frederik V Molbak:/home/molbakr:/usr/local/bin/bash\0\0", 8800, 0, {sa_family=AF_INET, sin_port=htons(702), sin_addr=inet_addr("128.135.164.77")}, [16]) = 124
28443 sendto(94, "\24\0\0\0\26\0\1\3\17\340\312O\0\0\0\0\0\0\0\0", 20, 0, {sa_family=AF_NETLINK, pid=0, groups=00000000}, 12) = 20
28443 sendto(94, "R\264\1\0\0\1\0\0\0\0\0\0\4ursa\2cs\10uchicago\3edu\0\0\34\0\1", 38, MSG_NOSIGNAL, NULL, 0) = 38
28443 recvfrom(94, "R\264\205\200\0\1\0\0\0\1\0\0\4ursa\2cs\10uchicago\3edu\0\0\34\0\1\300\21\0\6\0\1\0\0*0\0\'\3ns0\300\21\nhostmaster\300\21w\355~l\0\0*0\0\0\16\20\0\t:\200\0\0*0", 1024, 0, {sa_family=AF_INET, sin_port=htons(53), sin_addr=inet_addr("128.135.247.50")}, [16]) = 89
28443 sendto(94, "T\227\1\0\0\1\0\0\0\0\0\0\4ursa\2cs\10uchicago\3edu\2cs\10uchicago\3edu\0\0\34\0\1", 54, MSG_NOSIGNAL, NULL, 0) = 54
28443 recvfrom(94, "T\227\205\203\0\1\0\0\0\1\0\0\4ursa\2cs\10uchicago\3edu\2cs\10uchicago\3edu\0\0\34\0\1\300!\0\6\0\1\0\0*0\0\'\3ns0\300!\nhostmaster\300!w\355~l\0\0*0\0\0\16\20\0\t:\200\0\0*0", 1024, 0, {sa_family=AF_INET, sin_port=htons(53), sin_addr=inet_addr("128.135.247.50")}, [16]) = 105
28443 sendto(94, "\346S\1\0\0\1\0\0\0\0\0\0\4ursa\2cs\10uchicago\3edu\10uchicago\3edu\0\0\34\0\1", 51, MSG_NOSIGNAL, NULL, 0) = 51
28443 recvfrom(94, "\346S\205\203\0\1\0\0\0\1\0\0\4ursa\2cs\10uchicago\3edu\10uchicago\3edu\0\0\34\0\1\300!\0\6\0\1\0\2\243\0\0)\5ucns0\300!\nhostmaster\300!|\233=-\0\0\34 \0\0\16\20\0\'\215\0\0\2\243\0", 1024, 0, {sa_family=AF_INET, sin_port=htons(53), sin_addr=inet_addr("128.135.247.50")}, [16]) = 104
28443 sendto(94, "8G\1\0\0\1\0\0\0\0\0\0\4ursa\2cs\10uchicago\3edu\0\0\1\0\1", 38, MSG_NOSIGNAL, NULL, 0) = 38
28443 recvfrom(94, "8G\205\200\0\1\0\1\0\1\0\1\4ursa\2cs\10uchicago\3edu\0\0\1\0\1\300\f\0\1\0\1\0\0*0\0\4\200\207\30\361\300\21\0\2\0\1\0\0*0\0\6\3ns1\300\21\300B\0\1\0\1\0\0*0\0\4\200\207\244\232", 1024, 0, {sa_family=AF_INET, sin_port=htons(53), sin_addr=inet_addr("128.135.247.50")}, [16]) = 88
28507 recvfrom(95, "\0\6\0\0\0\0\0\0\10\0\0\0\10\6\0\0\0\0\0\0", 20, 0, NULL, NULL) = 20
28507 recvfrom(95, "REGISTER", 8, 0, NULL, NULL) = 8
28507 recvfrom(95, "\0\6\0\0\0\0\0\0\6\0\0\0\6\6\0\0\0\0\0\0", 20, 0, NULL, NULL) = 20
28507 recvfrom(95, "swork0", 6, 0, NULL, NULL) = 6
28507 recvfrom(95, "\0\6\0\0\0\0\0\0\24\0\0\0\24\6\0\0\0\0\0\0", 20, 0, NULL, NULL) = 20
28507 recvfrom(95, "ursa.cs.uchicago.edu", 20, 0, NULL, NULL) = 20
28507 recvfrom(95, "\0\6\0\0\2\0\0\0\20\0\0\0\22\6\0\0\0\0\0\0", 20, 0, NULL, NULL) = 20
28507 recvfrom(95, "maxwalltime = -1", 16, 0, NULL, NULL) = 16
28509 --- SIGSEGV (Segmentation fault) @ 0 (0) ---
28509 --- SIGSEGV (Segmentation fault) @ 0 (0) ---
28510 sendto(95, "\0\6\0\0\3\0\0\0\6\0\0\0\5\6\0\0!\1\366\3", 20, 0, NULL, 0) = 20
28510 sendto(95, "000000", 6, 0, NULL, 0) = 6
28507 recvfrom(94, "\1\0\0\0\0\0\0\0\r\0\0\0\f\0\0\0\260\3\245\31", 20, 0, NULL, NULL) = 20
28507 recvfrom(94, "CHANNELCONFIG", 13, 0, NULL, NULL) = 13
28507 recvfrom(94, "\1\0\0\0\0\0\0\0\32\0\0\0\33\0\0\0\310\10\204s", 20, 0, NULL, NULL) = 20
28507 recvfrom(94, " keepalive(120), reconnect", 26, 0, NULL, NULL) = 26
28507 recvfrom(94, "\1\0\0\0\0\0\0\0\0\0\0\0\1\0\0\0\1\0\0\0", 20, 0, NULL, NULL) = 20
28507 recvfrom(94, "\1\0\0\0\0\0\0\0\33\0\0\0\32\0\0\0a\6\302\\", 20, 0, NULL, NULL) = 20
28507 recvfrom(94, "u4186480a-137b07c4d76--8000", 27, 0, NULL, NULL) = 27
28507 recvfrom(94, "\1\0\0\0\2\0\0\0\0\0\0\0\3\0\0\0\1\0\0\0", 20, 0, NULL, NULL) = 20
28516 sendto(94, "\1\0\0\0\3\0\0\0\33\0\0\0\31\0\0\0i\6\4^", 20, 0, NULL, 0) = 20
28516 sendto(94, "u264d7753-137b07c4d96--8000", 27, 0, NULL, 0) = 27
28507 recvfrom(94, "\2\0\0\0\0\0\0\0\r\0\0\0\17\0\0\0\310\3\202\32", 20, 0, NULL, NULL) = 20
28507 recvfrom(94, "CONFIGSERVICE", 13, 0, NULL, NULL) = 13
28507 recvfrom(94, "\2\0\0\0\0\0\0\0\r\0\0\0\17\0\0\0\313\4\327#", 20, 0, NULL, NULL) = 20
28507 recvfrom(94, "jobsPerNode=2", 13, 0, NULL, NULL) = 13
28507 recvfrom(94, "\2\0\0\0\2\0\0\0\25\0\0\0\25\0\0\0\216\10~^", 20, 0, NULL, NULL) = 20
28507 recvfrom(94, "workerManager=passive", 21, 0, NULL, NULL) = 21
28516 sendto(94, "\2\0\0\0\3\0\0\0\2\0\0\0\3\0\0\0\233\0\353\0", 20, 0, NULL, 0) = 20
28516 sendto(94, "OK", 2, 0, NULL, 0)   = 2
28507 recvfrom(94, "\3\0\0\0\0\0\0\0\t\0\0\0\n\0\0\0\260\2\263\r", 20, 0, NULL, NULL) = 20
28507 recvfrom(94, "SUBMITJOB", 9, 0, NULL, NULL) = 9
28507 recvfrom(94, "\3\0\0\0\2\0\0\0}\1\0\0|\1\0\0=\27717", 20, 0, NULL, NULL) = 20
28507 recvfrom(94, "x\234\245S\313R\303 \24\335\363\25\272\27H\3236Vg\330\373\21\3168\4H\202\245\334\0107\332\376\275\4\342\273\272qu\237\234{\346\234\301j\343\321\342I\254\326\353]s\263\275n6\233fK\314\321\250\te\353\214\340\255\365\274\225q \332\6\243\20\302I\360\210\2627<\276\330\16\251\2\31\321\204X\312\207oezT\262\27\10{>\30\347\200\326\325\252\256\232\252\246u\275m\350S\334\232\315\376\330SK\215\32\200Z\0257j\27\367\244\225\250\6\321I\27\r\221\241\27\17\5\'\310\221\315\367\255\357s\233\226i\3469\3\224&L\230\223|\221\341\21\227\335\20r\22Q\247\364\243oK\3209,\255\356S\1\3359\264}\tJ\37:\353\314\247\365\304\17\247\230\3631\300\263M\307\312@\346p7\303\\]$I\234\276$YL\353\347\315\343\351\226s\7J\272\1\"\362?t\246\25\273Ys\5=?\200\236\234Y\332\\\333\364\256l\304g\237Ea\214;\333\316\226\362\237\22\336\373s\275UUX%\25\305<\31M`\16\322\340\'\307\277,e\232\177\261\224Y\337\301\275\257?\300\31\177\227\364W\3602<G)Y\10\341\337\244\26\224\232(g\244\237F\301\210\2\217R\241\30\20\307\4<\205(\231\212lR\203U\262\7f\364t\233\260\253\212\274\331+\26{h\342\25\223\7\351[\221\307\203 \257`\2601F", 381, 0, NULL, NULL) = 381
28507 --- SIGSEGV (Segmentation fault) @ 0 (0) ---
28516 sendto(94, "\1\0\0\0\0\0\0\0\4\0\0\0\5\0\0\0005\1\25\3", 20, 0, NULL, 0) = 20
28516 sendto(94, "RLOG", 4, 0, NULL, 0) = 4
28516 sendto(94, "\1\0\0\0\0\0\0\0\6\0\0\0\7\0\0\0\325\1q\6", 20, 0, NULL, 0) = 20
28516 sendto(94, "STDERR", 6, 0, NULL, 0) = 6
28516 sendto(94, "\1\0\0\0\2\0\0\0P\0\0\0S\0\0\0\237\31\212\221", 20, 0, NULL, 0) = 20
28516 sendto(94, "Passive queue processor initialized. Callback URI is http://128.135.24.241:12001", 80, 0, NULL, 0) = 80
28516 sendto(94, "\3\0\0\0\3\0\0\0-\0\0\0-\0\0\0\372\t\37\365", 20, 0, NULL, 0) = 20
28516 sendto(94, "urn:1338695764465-1338695765603-1338695765604", 45, 0, NULL, 0) = 45
28510 sendto(95, "\1\0\0\0\0\0\0\0\t\0\0\0\10\0\0\0\260\2\263\r", 20, 0, NULL, 0) = 20
28510 sendto(95, "SUBMITJOB", 9, 0, NULL, 0) = 9
28510 sendto(95, "\1\0\0\0\2\0\0\0\22\4\0\0\21\4\0\0\300R\3M", 20, 0, NULL, 0) = 20
28510 sendto(95, "identity=1338695765604\nexecutable=/bin/bash\ndirectory=/stage/swift-coasters/swift_coasters/swift_dir/swiftwork/hello-20120602-2256-qs5e4kxg-i-echo-ics4c8sk\nbatch=false\narg=_swiftwrap.staging\narg=-e\narg=/bin/echo\narg=-out\narg=hello.txt\narg=-err\narg=stderr.txt\narg=-i\narg=-d\narg=\narg=-if\narg=\narg=-of\narg=hello.txt\narg=-k\narg=-cdmfile\narg=\narg=-status\narg=provider\narg=-a\narg=Hello, world!\nstagein=proxy://u4186480a-137b07c4d76--8000-u264d7753-137b07c4d96--8000S//stage/swift-coasters/swift-0.93/cog/modules/swift/dist/swift-svn/bin/../libexec/_swiftwrap.staging\\n_swiftwrap.staging\\n10\nstageout=wrapper.error\\nproxy://u4186480a-137b07c4d76--8000-u264d7753-137b07c4d96--8000S/hello-20120602-2256-qs5e4kxg.d/echo-ics4c8sk.error\\n2\nstageout=./hello.txt\\nproxy://u4186480a-137b07c4d76--8000-u264d7753-137b07c4d96--8000S/hello.txt\\n10\nstageout=wrapper.log\\nproxy://u4186480a-137b07c4d76--8000-u264d7753-137b07c4d96--8000S/hello-20120602-2256-qs5e4kxg.d/echo-ics4c8sk.info\\n2\ncleanup=.\ncontact=http://ursa.cs.uchicago.edu:12000\nprovider=coaster\njm=\n", 1042, 0, NULL, 0) = 1042
28507 recvfrom(95, "\1\0\0\0\3\0\0\0\2\0\0\0\0\0\0\0\0\0\0\0", 20, 0, NULL, NULL) = 20
28507 recvfrom(95, "OK", 2, 0, NULL, NULL) = 2
28507 recvfrom(94, "\1\0\0\0\3\0\0\0\2\0\0\0\0\0\0\0\233\0\353\0", 20, 0, NULL, NULL) = 20
28507 recvfrom(95, "\1\6\0\0\0\0\0\0\t\0\0\0\10\6\0\0\0\0\0\0", 20, 0, NULL, NULL) = 20
28507 recvfrom(95, "JOBSTATUS", 9, 0, NULL, NULL) = 9
28507 recvfrom(95, "\1\6\0\0\0\0\0\0\r\0\0\0\f\6\0\0\0\0\0\0", 20, 0, NULL, NULL) = 20
28507 recvfrom(95, "1338695765604", 13, 0, NULL, NULL) = 13
28507 recvfrom(95, "\1\6\0\0\0\0\0\0\2\0\0\0\3\6\0\0\0\0\0\0", 20, 0, NULL, NULL) = 20
28507 recvfrom(95, "16", 2, 0, NULL, NULL) = 2
28507 recvfrom(95, "\1\6\0\0\0\0\0\0\1\0\0\0\0\6\0\0\0\0\0\0", 20, 0, NULL, NULL) = 20
28507 recvfrom(95, "0", 1, 0, NULL, NULL) = 1
28507 recvfrom(95, "\1\6\0\0\2\0\0\0\17\0\0\0\f\6\0\0\0\0\0\0", 20, 0, NULL, NULL) = 20
28507 recvfrom(95, "workerid=000000", 15, 0, NULL, NULL) = 15
28516 sendto(94, "\2\0\0\0\0\0\0\0\t\0\0\0\v\0\0\0\300\2|\r", 20, 0, NULL, 0) = 20
28516 sendto(94, "JOBSTATUS", 9, 0, NULL, 0 <unfinished ...>
28510 sendto(95, "\1\6\0\0\3\0\0\0\2\0\0\0\0\6\0\0\233\0\353\0", 20, 0, NULL, 0 <unfinished ...>
28516 <... sendto resumed> )            = 9
28510 <... sendto resumed> )            = 20
28507 recvfrom(94,  <unfinished ...>
28510 sendto(95, "OK", 2, 0, NULL, 0 <unfinished ...>
28507 <... recvfrom resumed> "OK", 2, 0, NULL, NULL) = 2
28516 sendto(94, "\2\0\0\0\0\0\0\0-\0\0\0/\0\0\0\372\t\37\365", 20, 0, NULL, 0 <unfinished ...>
28510 <... sendto resumed> )            = 2
28516 <... sendto resumed> )            = 20
28516 sendto(94, "urn:1338695764465-1338695765603-1338695765604", 45, 0, NULL, 0) = 45
28516 sendto(94, "\2\0\0\0\0\0\0\0\2\0\0\0\0\0\0\0h\0\232\0", 20, 0, NULL, 0) = 20
28516 sendto(94, "16", 2, 0, NULL, 0)   = 2
28516 sendto(94, "\2\0\0\0\0\0\0\0\1\0\0\0\3\0\0\0001\0001\0", 20, 0, NULL, 0) = 20
28516 sendto(94, "0", 1, 0, NULL, 0)    = 1
28516 sendto(94, "\2\0\0\0\0\0\0\0\17\0\0\0\r\0\0\0\305\4\37-", 20, 0, NULL, 0) = 20
28516 sendto(94, "workerid=000000", 15, 0, NULL, 0) = 15
28516 sendto(94, "\2\0\0\0\2\0\0\0\10\0\0\0\10\0\0\0n\0029\17", 20, 0, NULL, 0) = 20
28516 sendto(94, "\273N|\2607\1\0\0", 8, 0, NULL, 0) = 8
28507 recvfrom(95, "\2\6\0\0\0\0\0\0\3\0\0\0\1\6\0\0\0\0\0\0", 20, 0, NULL, NULL) = 20
28507 recvfrom(95, "GET", 3, 0, NULL, NULL) = 3
28507 recvfrom(95, "\2\6\0\0\0\0\0\0\244\0\0\0\246\6\0\0\0\0\0\0", 20, 0, NULL, NULL) = 20
28507 recvfrom(95, "proxy://u4186480a-137b07c4d76--8000-u264d7753-137b07c4d96--8000S//stage/swift-coasters/swift-0.93/cog/modules/swift/dist/swift-svn/bin/../libexec/_swiftwrap.staging", 164, 0, NULL, NULL) = 164
28507 recvfrom(95, "\2\6\0\0\2\0\0\0x\0\0\0x\6\0\0\0\0\0\0", 20, 0, NULL, NULL) = 20
28507 recvfrom(95, "/stage/swift-coasters/swift_coasters/swift_dir/swiftwork/hello-20120602-2256-qs5e4kxg-i-echo-ics4c8sk/_swiftwrap.staging", 120, 0, NULL, NULL) = 120
28516 sendto(94, "\3\0\0\0\0\0\0\0\3\0\0\0\0\0\0\0\341\0\266\1", 20, 0, NULL, 0) = 20
28516 sendto(94, "GET", 3, 0, NULL, 0)  = 3
28516 sendto(94, "\3\0\0\0\0\0\0\0t\0\0\0w\0\0\0\361*\232\267", 20, 0, NULL, 0) = 20
28516 sendto(94, "file://localhost//stage/swift-coasters/swift-0.93/cog/modules/swift/dist/swift-svn/bin/../libexec/_swiftwrap.staging", 116, 0, NULL, 0) = 116
28516 sendto(94, "\3\0\0\0\2\0\0\0x\0\0\0y\0\0\0\226+\"\177", 20, 0, NULL, 0 <unfinished ...>
28507 recvfrom(94,  <unfinished ...>
28516 <... sendto resumed> )            = 20
28507 <... recvfrom resumed> "\2\0\0\0\3\0\0\0\2\0\0\0\3\0\0\0\233\0\353\0", 20, 0, NULL, NULL) = 20
28516 sendto(94, "/stage/swift-coasters/swift_coasters/swift_dir/swiftwork/hello-20120602-2256-qs5e4kxg-i-echo-ics4c8sk/_swiftwrap.staging", 120, 0, NULL, 0) = 120
28507 recvfrom(94, "OK", 2, 0, NULL, NULL) = 2
28507 recvfrom(94, "\3\0\0\0\1\0\0\0\10\0\0\0\n\0\0\0\316\0Y\6", 20, 0, NULL, NULL) = 20
28507 recvfrom(94, "\266\27\0\0\0\0\0\0", 8, 0, NULL, NULL) = 8
28510 sendto(95, "\2\6\0\0\1\0\0\0\10\0\0\0\v\6\0\0\316\0Y\6", 20, 0, NULL, 0 <unfinished ...>
28507 recvfrom(94,  <unfinished ...>
28510 <... sendto resumed> )            = 20
28507 <... recvfrom resumed> "\3\0\0\0\3\0\0\0\266\27\0\0\266\27\0\0\27\223\355\302", 20, 0, NULL, NULL) = 20
28510 sendto(95, "\266\27\0\0\0\0\0\0", 8, 0, NULL, 0) = 8
28507 recvfrom(94, "# this script must be invoked inside of bash, not plain sh\n\nopeninfo() {\n\texec 3<> $1\n\tINFO=3\n}\n\ncloseinfo() {\n\texec 3>&-\n}\n\n# Clobbered by SWIFTWRAP_FAST\nlog() {\n\techo \"$@\" >& \"$INFO\"\n}\n\n# Clobbered by SWIFTWRAP_FAST\ninfosection() {\n\techo >& \"$INFO\"\n\techo \"_____________________________________________________________________________\" >& \"$INFO\"\n\techo >& \"$INFO\"\n\techo \"        $1\" >& \"$INFO\"\n\techo \"_____________________________________________________________________________\" >& \"$INFO\"\n\techo >& \"$INFO\"\n}\n\ninfo() {\n\tinfosection \"uname -a\"\n\tuname -a 2>&1 >& \"$INFO\"\n\tinfosection \"id\"\n\tid 2>&1 >& \"$INFO\"\n\tinfosection \"env\"\n\tenv 2>&1 >& \"$INFO\"\n\tinfosection \"df\"\n\tdf 2>&1 >& \"$INFO\"\n        if [ -e \"/proc/cpuinfo\" ]; then\n\t\tinfosection \"/proc/cpuinfo\"\n\t\tcat /proc/cpuinfo 2>&1 >& \"$INFO\"\n\tfi\n\tif [ -e \"/proc/meminfo\" ]; then\n\t\tinfosection \"/proc/meminfo\"\n\t\tcat /proc/meminfo 2>&1 >& \"$INFO\"\n\tfi\n\tinfosection \"command line\"\n\techo $COMMANDLINE 2>&1 >& \"$INFO\"\n\tif [ -f \"$STDOUT\" ] ; then\n\t\tinfosection \"stdout\"\n\t\tcat $STDOUT >& \"$INFO\"\n\tfi\n\tif [ -f \"$STDERR\" ] ; then\n\t\tinfosection \"stderr\"\n\t\tcat $STDERR >& \"$INFO\"\n\tfi\n}\n\n# Clobbered by SWIFTWRAP_FAST\nlogstate() {\n\techo \"Progress \" `date +\"%Y-%m-%d %H:%M:%S.%N%z\"` \" $@\" >& \"$INFO\"\n}\n\nfail() {\n\tEC=$1\n\tshift\n\n\tlog $@\n\tinfo\n\techo \"$@\" >> wrapper.error\n\texit $EC\n}\n\ncheckError() {\n\tif [ \"$?\" != \"0\" ]; then\n\t\tfail $@\n\tfi\n}\n\ncheckEmpty() {\n\tif [ \"$1\" == \"\" ]; then\n\t\tshift\n\t\tfail 254 $@\n\tfi\n}\n\n# Clobbered by SWIFTWRAP_FAST\ncheckMissing() {\n\tMISSING=\n\tfor O in $OUTF ; do\n\t\tif [ ! -f \"$O\" ]; then\n\t\t\tif [ \"$MISSING\" == \"\" ]; then\n\t\t\t\tMISSING=$O\n\t\t\telse\n\t\t\t\tMISSING=\"$MISSING, $O\"\n\t\t\tfi\n\t\tfi\n\tdone\n\tif [ \"$MISSING\" != \"\" ]; then\n\t\tfail 254 \"The following output files were not created by the application: $MISSING\"\n\tfi\n}\n\ncheckparamfile() {\n\tlog \"checking for paramfile\"\n\tif [ \"$1\" == \"-p\" ]; then\n\t\tJOBDIR=$2\n\t\tPARAMFILE=${WFDIR}/parameters/${JOBDIR}/param-${ID}\n\t\tlog \"paramfile is: $PARAMFILE\"\n\telse\n\t\tlog \"no paramfile: using command line arguments\"\n\tfi\n}\n\ngetarg() {\n\tNAME=$1\n\tshift\n\tVALUE=\"\"\n\tSHIFTCOUNT=0\n\tif [ \"$PARAMFILE\" == \"\" ] && [ \"$1\" == \"$NAME\" ]; then\n\t\tshift\n\t\tlet \"SHIFTCOUNT=$SHIFTCOUNT+1\"\n\t\twhile [ \"${1:0:1}\" != \"-\" ] && [ \"$#\" != \"0\" ]; do\n\t\t\tVALUE=\"$VALUE $1\"\n\t\t\tshift\n\t\t\tlet \"SHIFTCOUNT=$SHIFTCOUNT+1\"\n\t\tdone\n\t\tVALUE=\"${VALUE:1}\"\n\telif [ \"$PARAMFILE\" != \"\" ] && grep -E \"^$NAME \" $PARAMFILE ; then\n\t\t\tVALUE=$(grep -E \"^$NAME \" $PARAMFILE | cut -d \' \' -f 2-)\n\telse\n\t\tfail 254 \"Missing $NAME argument\"\n\tfi\n}\n\nCOMMANDLINE=$@\n\n# make the WFDIR absolute\nPARAMFILE=\n\nopeninfo \"wrapper.log\"\n\ncheckparamfile \"$@\"\n\n# # SWIFTWRAP_FAST: Turn things off for speed\nif [[ $SWIFTWRAP_FAST == \"1\" ]]; then\n\tshopt -s expand_aliases\n\talias infosection=:\n\talias logstate=:\n\talias log=:\n\talias checkMissing=:\nfi\n\nif [ \"X$INFODIR\" == \"X\" ]; then\n\tINFODIR=\".\"\nfi\n\nlogstate \"LOG_START\"\ninfosection \"Wrapper (_swiftwrap.staging)\"\n\nlog $COMMANDLINE\n\ngetarg \"-e\" \"$@\"\nEXEC=$VALUE\nshift $SHIFTCOUNT\n\ngetarg \"-out\" \"$@\"\nSTDOUT=$VALUE\nshift $SHIFTCOUNT\n\ngetarg \"-err\" \"$@\"\nSTDERR=$VALUE\nshift $SHIFTCOUNT\n\ngetarg \"-i\" \"$@\"\nSTDIN=$VALUE\nshift $SHIFTCOUNT\n\ngetarg \"-d\" \"$@\"\nDIRS=$VALUE\nshift $SHIFTCOUNT\n\ngetarg \"-if\" \"$@\"\nINF=$VALUE\nshift $SHIFTCOUNT\n\ngetarg \"-of\" \"$@\"\nOUTF=$VALUE\nshift $SHIFTCOUNT\n\ngetarg \"-k\" \"$@\"\nKICKSTART=$VALUE\nshift $SHIFTCOUNT\n\ngetarg \"-cdmfile\" \"$@\"\nCDM_FILE=\nif [ \"X$VALUE\" != \"X\" ]; then\n\tCDM_FILE=$VALUE\n\tlog \"CDM_FILE: $CDM_FILE\"\nfi\nshift $SHIFTCOUNT\n\ngetarg \"-status\" \"$@\"\nSTATUSMODE=$VALUE\nshift $SHIFTCOUNT\n\ndeclare -a CMDARGS\nif [ \"$PARAMFILE\" == \"\" ] && [ \"$1\" == \"-a\" ] ; then\n\tshift\n\tCMDARGS=(\"$@\")\nelif [ \"$PARAMFILE\" != \"\" ] ; then\n\tCMDARGS=()\n\tFIRST=1\n\twhile read line ; do\n\t\tif [ \"$FIRST\" == \"1\" ] ; then\n\t\t\tCMDARGS=(\"$line\")\n\t\t\tFIRST=0\n\t\telse\n\t\t\tCMDARGS=(\"${CMDARGS[*]}\" \"$line\")\n\t\tfi\n\tdone < <(grep -E \"^-a \" $PARAMFILE | cut -d \" \" -f 2-)\nelse\n\tfail 254 \"Missing arguments (-a option)\"\nfi\n\n[[ $CDM_FILE != \"\" ]] && source cdm_lib.sh\n\nPATH=$PATH:/bin:/usr/bin\n\nif [ \"$PATHPREFIX\" != \"\" ]; then\n\texport PATH=$PATHPREFIX:$PATH\nfi\n\nif [ \"$SWIFT_EXTRA_INFO\" != \"\" ]; then\n\tlog \"EXTRAINFO=$($SWIFT_EXTRA_INFO)\"\nfi\n\nif [ \"X${EXEC:0:1}\" != \"X/\" ] ; then\n\texport ORIGEXEC=$EXEC\n\texport EXEC=$(which $EXEC)\n\tif [ \"X$EXEC\" = \"X\" ] ; then\n\t\tfail 254 \"Cannot find executable $ORIGEXEC on site system path\"\n\tfi\nfi\n\nlog \"PWD=$PWD\"\nlog \"EXEC=$EXEC\"\nlog \"STDIN=$STDIN\"\nlog \"STDOUT=$STDOUT\"\nlog \"STDERR=$STDERR\"\nlog \"DIRS=$DIRS\"\nlog \"INF=$INF\"\nlog \"OUTF=$OUTF\"\nlog \"KICKSTART=$KICKSTART\"\nlog \"ARGS=$@\"\nlog \"ARGC=$#\"\n\nIFS=\"|\"\n\nlogstate \"CREATE_INPUTDIR\"\nfor D in $DIRS ; do\n\tif [ _$D != _ ]; then\n\t\tmkdir -p \"$D\" 2>&1 >>\"$INFO\"\n\tfi\n\tcheckError 254 \"Failed to create input directory $D\"\n\tlog \"Created output directory: $D\"\ndone\n\nif [[ $CDM_FILE != \"\" ]] ; then\n\tfor F in $INF ; do\n\t\tCDM_POLICY=$( cdm_lookup cdm.pl $CDM_FILE $F )\n\t\tlog \"CDM_POLICY: $F -> $CDM_POLICY\"\n\t\teval cdm_action $PWD \"INPUT\" $F $CDM_POLICY\n\tdone\n\tfor F in $OUTF ; do\n\t\tCDM_POLICY=$( cdm_lookup cdm.pl $CDM_FILE $F )\n\t\tlog \"CDM_POLICY: $F -> $CDM_POLICY\"\n\t\teval cdm_action $PWD \"OUTPUT\" $F $CDM_POLICY\n\tdone\nfi\n\nlogstate \"EXECUTE\"\n\nif [ ! -f \"$EXEC\" ]; then\n\tfail 254 \"The executable $EXEC does not exist\"\nfi\nif [ ! -x \"$EXEC\" ]; then\n\tfail 254 \"The executable $EXEC does not have the executable bit set\"\nfi\n\nif [ \"$STDIN\" == \"\" ]; then\n\tif [ \"$SWIFT_GEN_SCRIPTS\" != \"\" ]; then\n\t\techo \"#!/bin/bash\" > run.sh\n\t\techo \"\\\"$EXEC\\\" \\\"${CMDARGS[@]}\\\" 1>\\\"$STDOUT\\\" 2>\\\"$STDERR\\\"\" >> run.sh\n\t\tchmod +x run.sh\n\tfi\n\t\"$EXEC\" \"${CMDARGS[@]}\" 1>\"$STDOUT\" 2>\"$STDERR\"\nelse\n\tif [ \"$SWIFT_GEN_SCRIPTS\" != \"\" ]; then\n\t\techo \"#!/bin/bash\" > run.sh\n\t\techo \"\\\"$EXEC\\\" \\\"${CMDARGS[@]}\\\" 1>\\\"$STDOUT\\\" 2>\\\"$STDERR\\\" <\\\"$STDIN\\\"\" >> run.sh\n\t\tchmod +x run.sh\n\tfi\n\t\"$EXEC\" \"${CMDARGS[@]}\" 1>\"$STDOUT\" 2>\"$STDERR\" <\"$STDIN\"\nfi\ncheckError $? \"Application $EXEC failed with an exit code of $?\" <$STDERR\n\nlogstate \"EXECUTE_DONE\"\nlog \"Job ran successfully\"\n\ncheckMissing\n\nlogstate \"END\"\n\ncloseinfo\n\n# ensure we exit with a 0 after a successful execution\nexit 0\n\n# Local Variables:\n# mode: sh\n# sh-basic-offset: 4\n# tab-width: 4\n# indent-tabs-mode: 1\n# End:\n", 6070, 0, NULL, NULL) = 6070
28510 sendto(95, "\2\6\0\0\3\0\0\0\266\27\0\0\267\21\0\0\27\223\355\302", 20, 0, NULL, 0) = 20
28510 sendto(95, "# this script must be invoked inside of bash, not plain sh\n\nopeninfo() {\n\texec 3<> $1\n\tINFO=3\n}\n\ncloseinfo() {\n\texec 3>&-\n}\n\n# Clobbered by SWIFTWRAP_FAST\nlog() {\n\techo \"$@\" >& \"$INFO\"\n}\n\n# Clobbered by SWIFTWRAP_FAST\ninfosection() {\n\techo >& \"$INFO\"\n\techo \"_____________________________________________________________________________\" >& \"$INFO\"\n\techo >& \"$INFO\"\n\techo \"        $1\" >& \"$INFO\"\n\techo \"_____________________________________________________________________________\" >& \"$INFO\"\n\techo >& \"$INFO\"\n}\n\ninfo() {\n\tinfosection \"uname -a\"\n\tuname -a 2>&1 >& \"$INFO\"\n\tinfosection \"id\"\n\tid 2>&1 >& \"$INFO\"\n\tinfosection \"env\"\n\tenv 2>&1 >& \"$INFO\"\n\tinfosection \"df\"\n\tdf 2>&1 >& \"$INFO\"\n        if [ -e \"/proc/cpuinfo\" ]; then\n\t\tinfosection \"/proc/cpuinfo\"\n\t\tcat /proc/cpuinfo 2>&1 >& \"$INFO\"\n\tfi\n\tif [ -e \"/proc/meminfo\" ]; then\n\t\tinfosection \"/proc/meminfo\"\n\t\tcat /proc/meminfo 2>&1 >& \"$INFO\"\n\tfi\n\tinfosection \"command line\"\n\techo $COMMANDLINE 2>&1 >& \"$INFO\"\n\tif [ -f \"$STDOUT\" ] ; then\n\t\tinfosection \"stdout\"\n\t\tcat $STDOUT >& \"$INFO\"\n\tfi\n\tif [ -f \"$STDERR\" ] ; then\n\t\tinfosection \"stderr\"\n\t\tcat $STDERR >& \"$INFO\"\n\tfi\n}\n\n# Clobbered by SWIFTWRAP_FAST\nlogstate() {\n\techo \"Progress \" `date +\"%Y-%m-%d %H:%M:%S.%N%z\"` \" $@\" >& \"$INFO\"\n}\n\nfail() {\n\tEC=$1\n\tshift\n\n\tlog $@\n\tinfo\n\techo \"$@\" >> wrapper.error\n\texit $EC\n}\n\ncheckError() {\n\tif [ \"$?\" != \"0\" ]; then\n\t\tfail $@\n\tfi\n}\n\ncheckEmpty() {\n\tif [ \"$1\" == \"\" ]; then\n\t\tshift\n\t\tfail 254 $@\n\tfi\n}\n\n# Clobbered by SWIFTWRAP_FAST\ncheckMissing() {\n\tMISSING=\n\tfor O in $OUTF ; do\n\t\tif [ ! -f \"$O\" ]; then\n\t\t\tif [ \"$MISSING\" == \"\" ]; then\n\t\t\t\tMISSING=$O\n\t\t\telse\n\t\t\t\tMISSING=\"$MISSING, $O\"\n\t\t\tfi\n\t\tfi\n\tdone\n\tif [ \"$MISSING\" != \"\" ]; then\n\t\tfail 254 \"The following output files were not created by the application: $MISSING\"\n\tfi\n}\n\ncheckparamfile() {\n\tlog \"checking for paramfile\"\n\tif [ \"$1\" == \"-p\" ]; then\n\t\tJOBDIR=$2\n\t\tPARAMFILE=${WFDIR}/parameters/${JOBDIR}/param-${ID}\n\t\tlog \"paramfile is: $PARAMFILE\"\n\telse\n\t\tlog \"no paramfile: using command line arguments\"\n\tfi\n}\n\ngetarg() {\n\tNAME=$1\n\tshift\n\tVALUE=\"\"\n\tSHIFTCOUNT=0\n\tif [ \"$PARAMFILE\" == \"\" ] && [ \"$1\" == \"$NAME\" ]; then\n\t\tshift\n\t\tlet \"SHIFTCOUNT=$SHIFTCOUNT+1\"\n\t\twhile [ \"${1:0:1}\" != \"-\" ] && [ \"$#\" != \"0\" ]; do\n\t\t\tVALUE=\"$VALUE $1\"\n\t\t\tshift\n\t\t\tlet \"SHIFTCOUNT=$SHIFTCOUNT+1\"\n\t\tdone\n\t\tVALUE=\"${VALUE:1}\"\n\telif [ \"$PARAMFILE\" != \"\" ] && grep -E \"^$NAME \" $PARAMFILE ; then\n\t\t\tVALUE=$(grep -E \"^$NAME \" $PARAMFILE | cut -d \' \' -f 2-)\n\telse\n\t\tfail 254 \"Missing $NAME argument\"\n\tfi\n}\n\nCOMMANDLINE=$@\n\n# make the WFDIR absolute\nPARAMFILE=\n\nopeninfo \"wrapper.log\"\n\ncheckparamfile \"$@\"\n\n# # SWIFTWRAP_FAST: Turn things off for speed\nif [[ $SWIFTWRAP_FAST == \"1\" ]]; then\n\tshopt -s expand_aliases\n\talias infosection=:\n\talias logstate=:\n\talias log=:\n\talias checkMissing=:\nfi\n\nif [ \"X$INFODIR\" == \"X\" ]; then\n\tINFODIR=\".\"\nfi\n\nlogstate \"LOG_START\"\ninfosection \"Wrapper (_swiftwrap.staging)\"\n\nlog $COMMANDLINE\n\ngetarg \"-e\" \"$@\"\nEXEC=$VALUE\nshift $SHIFTCOUNT\n\ngetarg \"-out\" \"$@\"\nSTDOUT=$VALUE\nshift $SHIFTCOUNT\n\ngetarg \"-err\" \"$@\"\nSTDERR=$VALUE\nshift $SHIFTCOUNT\n\ngetarg \"-i\" \"$@\"\nSTDIN=$VALUE\nshift $SHIFTCOUNT\n\ngetarg \"-d\" \"$@\"\nDIRS=$VALUE\nshift $SHIFTCOUNT\n\ngetarg \"-if\" \"$@\"\nINF=$VALUE\nshift $SHIFTCOUNT\n\ngetarg \"-of\" \"$@\"\nOUTF=$VALUE\nshift $SHIFTCOUNT\n\ngetarg \"-k\" \"$@\"\nKICKSTART=$VALUE\nshift $SHIFTCOUNT\n\ngetarg \"-cdmfile\" \"$@\"\nCDM_FILE=\nif [ \"X$VALUE\" != \"X\" ]; then\n\tCDM_FILE=$VALUE\n\tlog \"CDM_FILE: $CDM_FILE\"\nfi\nshift $SHIFTCOUNT\n\ngetarg \"-status\" \"$@\"\nSTATUSMODE=$VALUE\nshift $SHIFTCOUNT\n\ndeclare -a CMDARGS\nif [ \"$PARAMFILE\" == \"\" ] && [ \"$1\" == \"-a\" ] ; then\n\tshift\n\tCMDARGS=(\"$@\")\nelif [ \"$PARAMFILE\" != \"\" ] ; then\n\tCMDARGS=()\n\tFIRST=1\n\twhile read line ; do\n\t\tif [ \"$FIRST\" == \"1\" ] ; then\n\t\t\tCMDARGS=(\"$line\")\n\t\t\tFIRST=0\n\t\telse\n\t\t\tCMDARGS=(\"${CMDARGS[*]}\" \"$line\")\n\t\tfi\n\tdone < <(grep -E \"^-a \" $PARAMFILE | cut -d \" \" -f 2-)\nelse\n\tfail 254 \"Missing arguments (-a option)\"\nfi\n\n[[ $CDM_FILE != \"\" ]] && source cdm_lib.sh\n\nPATH=$PATH:/bin:/usr/bin\n\nif [ \"$PATHPREFIX\" != \"\" ]; then\n\texport PATH=$PATHPREFIX:$PATH\nfi\n\nif [ \"$SWIFT_EXTRA_INFO\" != \"\" ]; then\n\tlog \"EXTRAINFO=$($SWIFT_EXTRA_INFO)\"\nfi\n\nif [ \"X${EXEC:0:1}\" != \"X/\" ] ; then\n\texport ORIGEXEC=$EXEC\n\texport EXEC=$(which $EXEC)\n\tif [ \"X$EXEC\" = \"X\" ] ; then\n\t\tfail 254 \"Cannot find executable $ORIGEXEC on site system path\"\n\tfi\nfi\n\nlog \"PWD=$PWD\"\nlog \"EXEC=$EXEC\"\nlog \"STDIN=$STDIN\"\nlog \"STDOUT=$STDOUT\"\nlog \"STDERR=$STDERR\"\nlog \"DIRS=$DIRS\"\nlog \"INF=$INF\"\nlog \"OUTF=$OUTF\"\nlog \"KICKSTART=$KICKSTART\"\nlog \"ARGS=$@\"\nlog \"ARGC=$#\"\n\nIFS=\"|\"\n\nlogstate \"CREATE_INPUTDIR\"\nfor D in $DIRS ; do\n\tif [ _$D != _ ]; then\n\t\tmkdir -p \"$D\" 2>&1 >>\"$INFO\"\n\tfi\n\tcheckError 254 \"Failed to create input directory $D\"\n\tlog \"Created output directory: $D\"\ndone\n\nif [[ $CDM_FILE != \"\" ]] ; then\n\tfor F in $INF ; do\n\t\tCDM_POLICY=$( cdm_lookup cdm.pl $CDM_FILE $F )\n\t\tlog \"CDM_POLICY: $F -> $CDM_POLICY\"\n\t\teval cdm_action $PWD \"INPUT\" $F $CDM_POLICY\n\tdone\n\tfor F in $OUTF ; do\n\t\tCDM_POLICY=$( cdm_lookup cdm.pl $CDM_FILE $F )\n\t\tlog \"CDM_POLICY: $F -> $CDM_POLICY\"\n\t\teval cdm_action $PWD \"OUTPUT\" $F $CDM_POLICY\n\tdone\nfi\n\nlogstate \"EXECUTE\"\n\nif [ ! -f \"$EXEC\" ]; then\n\tfail 254 \"The executable $EXEC does not exist\"\nfi\nif [ ! -x \"$EXEC\" ]; then\n\tfail 254 \"The executable $EXEC does not have the executable bit set\"\nfi\n\nif [ \"$STDIN\" == \"\" ]; then\n\tif [ \"$SWIFT_GEN_SCRIPTS\" != \"\" ]; then\n\t\techo \"#!/bin/bash\" > run.sh\n\t\techo \"\\\"$EXEC\\\" \\\"${CMDARGS[@]}\\\" 1>\\\"$STDOUT\\\" 2>\\\"$STDERR\\\"\" >> run.sh\n\t\tchmod +x run.sh\n\tfi\n\t\"$EXEC\" \"${CMDARGS[@]}\" 1>\"$STDOUT\" 2>\"$STDERR\"\nelse\n\tif [ \"$SWIFT_GEN_SCRIPTS\" != \"\" ]; then\n\t\techo \"#!/bin/bash\" > run.sh\n\t\techo \"\\\"$EXEC\\\" \\\"${CMDARGS[@]}\\\" 1>\\\"$STDOUT\\\" 2>\\\"$STDERR\\\" <\\\"$STDIN\\\"\" >> run.sh\n\t\tchmod +x run.sh\n\tfi\n\t\"$EXEC\" \"${CMDARGS[@]}\" 1>\"$STDOUT\" 2>\"$STDERR\" <\"$STDIN\"\nfi\ncheckError $? \"Application $EXEC failed with an exit code of $?\" <$STDERR\n\nlogstate \"EXECUTE_DONE\"\nlog \"Job ran successfully\"\n\ncheckMissing\n\nlogstate \"END\"\n\ncloseinfo\n\n# ensure we exit with a 0 after a successful execution\nexit 0\n\n# Local Variables:\n# mode: sh\n# sh-basic-offset: 4\n# tab-width: 4\n# indent-tabs-mode: 1\n# End:\n", 6070, 0, NULL, 0) = 6070
28507 recvfrom(95, "\3\6\0\0\0\0\0\0\t\0\0\0\n\6\0\0\0\0\0\0", 20, 0, NULL, NULL) = 20
28507 recvfrom(95, "JOBSTATUS", 9, 0, NULL, NULL) = 9
28507 recvfrom(95, "\3\6\0\0\0\0\0\0\r\0\0\0\16\6\0\0\0\0\0\0", 20, 0, NULL, NULL) = 20
28507 recvfrom(95, "1338695765604", 13, 0, NULL, NULL) = 13
28507 recvfrom(95, "\3\6\0\0\0\0\0\0\1\0\0\0\2\6\0\0\0\0\0\0", 20, 0, NULL, NULL) = 20
28507 recvfrom(95, "2", 1, 0, NULL, NULL) = 1
28507 recvfrom(95, "\3\6\0\0\0\0\0\0\1\0\0\0\2\6\0\0\0\0\0\0", 20, 0, NULL, NULL) = 20
28507 recvfrom(95, "0", 1, 0, NULL, NULL) = 1
28507 recvfrom(95, "\3\6\0\0\2\0\0\0\17\0\0\0\16\6\0\0\0\0\0\0", 20, 0, NULL, NULL) = 20
28507 recvfrom(95, "workerid=000000", 15, 0, NULL, NULL) = 15
28516 sendto(94, "\4\0\0\0\0\0\0\0\t\0\0\0\r\0\0\0\300\2|\r", 20, 0, NULL, 0) = 20
28516 sendto(94, "JOBSTATUS", 9, 0, NULL, 0) = 9
28510 sendto(95, "\3\6\0\0\3\0\0\0\2\0\0\0\2\6\0\0\233\0\353\0", 20, 0, NULL, 0 <unfinished ...>
28516 sendto(94, "\4\0\0\0\0\0\0\0-\0\0\0)\0\0\0\372\t\37\365", 20, 0, NULL, 0 <unfinished ...>
28510 <... sendto resumed> )            = 20
28516 <... sendto resumed> )            = 20
28510 sendto(95, "OK", 2, 0, NULL, 0 <unfinished ...>
28516 sendto(94, "urn:1338695764465-1338695765603-1338695765604", 45, 0, NULL, 0 <unfinished ...>
28510 <... sendto resumed> )            = 2
28516 <... sendto resumed> )            = 45
28516 sendto(94, "\4\0\0\0\0\0\0\0\1\0\0\0\5\0\0\0003\0003\0", 20, 0, NULL, 0) = 20
28516 sendto(94, "2", 1, 0, NULL, 0)    = 1
28516 sendto(94, "\4\0\0\0\0\0\0\0\1\0\0\0\5\0\0\0001\0001\0", 20, 0, NULL, 0) = 20
28516 sendto(94, "0", 1, 0, NULL, 0)    = 1
28516 sendto(94, "\4\0\0\0\0\0\0\0\17\0\0\0\v\0\0\0\305\4\37-", 20, 0, NULL, 0) = 20
28516 sendto(94, "workerid=000000", 15, 0, NULL, 0) = 15
28516 sendto(94, "\4\0\0\0\2\0\0\0\10\0\0\0\16\0\0\0\306\1\365\t", 20, 0, NULL, 0) = 20
28516 sendto(94, "\17R|\2607\1\0\0", 8, 0, NULL, 0) = 8
28507 recvfrom(94, "\4\0\0\0\3\0\0\0\2\0\0\0\5\0\0\0\233\0\353\0", 20, 0, NULL, NULL) = 20
28507 recvfrom(94, "OK", 2, 0, NULL, NULL) = 2
28507 recvfrom(95, "\4\6\0\0\0\0\0\0\t\0\0\0\r\6\0\0\0\0\0\0", 20, 0, NULL, NULL) = 20
28507 recvfrom(95, "JOBSTATUS", 9, 0, NULL, NULL) = 9
28507 recvfrom(95, "\4\6\0\0\0\0\0\0\r\0\0\0\t\6\0\0\0\0\0\0", 20, 0, NULL, NULL) = 20
28507 recvfrom(95, "1338695765604", 13, 0, NULL, NULL) = 13
28507 recvfrom(95, "\4\6\0\0\0\0\0\0\1\0\0\0\5\6\0\0\0\0\0\0", 20, 0, NULL, NULL) = 20
28507 recvfrom(95, "5", 1, 0, NULL, NULL) = 1
28507 recvfrom(95, "\4\6\0\0\0\0\0\0\3\0\0\0\7\6\0\0\0\0\0\0", 20, 0, NULL, NULL) = 20
28507 recvfrom(95, "126", 3, 0, NULL, NULL) = 3
28507 recvfrom(95, "\4\6\0\0\2\0\0\0#\0\0\0%\6\0\0\0\0\0\0", 20, 0, NULL, NULL) = 20
28507 recvfrom(95, "Job failed with an exit code of 126", 35, 0, NULL, NULL) = 35
28516 sendto(94, "\5\0\0\0\0\0\0\0\t\0\0\0\f\0\0\0\300\2|\r", 20, 0, NULL, 0) = 20
28516 sendto(94, "JOBSTATUS", 9, 0, NULL, 0 <unfinished ...>
28510 sendto(95, "\4\6\0\0\3\0\0\0\2\0\0\0\5\6\0\0\233\0\353\0", 20, 0, NULL, 0 <unfinished ...>
28516 <... sendto resumed> )            = 9
28510 <... sendto resumed> )            = 20
28516 sendto(94, "\5\0\0\0\0\0\0\0-\0\0\0(\0\0\0\372\t\37\365", 20, 0, NULL, 0 <unfinished ...>
28510 sendto(95, "OK", 2, 0, NULL, 0 <unfinished ...>
28516 <... sendto resumed> )            = 20
28510 <... sendto resumed> )            = 2
28516 sendto(94, "urn:1338695764465-1338695765603-1338695765604", 45, 0, NULL, 0) = 45
28516 sendto(94, "\5\0\0\0\0\0\0\0\1\0\0\0\4\0\0\0006\0006\0", 20, 0, NULL, 0) = 20
28516 sendto(94, "5", 1, 0, NULL, 0)    = 1
28516 sendto(94, "\5\0\0\0\0\0\0\0\3\0\0\0\6\0\0\0\232\0000\1", 20, 0, NULL, 0) = 20
28516 sendto(94, "126", 3, 0, NULL, 0)  = 3
28516 sendto(94, "\5\0\0\0\0\0\0\0\346\2\0\0\343\2\0\0\354\21_\375", 20, 0, NULL, 0) = 20
28516 sendto(94, "Job failed with an exit code of 126\norg.globus.cog.abstraction.impl.common.execution.JobException: Job failed with an exit code of 126\n\tat org.globus.cog.abstraction.coaster.service.local.JobStatusHandler.requestComplete(JobStatusHandler.java:37)\n\tat org.globus.cog.karajan.workflow.service.handlers.RequestHandler.receiveCompleted(RequestHandler.java:87)\n\tat org.globus.cog.karajan.workflow.service.channels.AbstractKarajanChannel.handleRequest(AbstractKarajanChannel.java:481)\n\tat org.globus.cog.karajan.workflow.service.channels.AbstractStreamKarajanChannel.step(AbstractStreamKarajanChannel.java:180)\n\tat org.globus.cog.karajan.workflow.service.channels.AbstractStreamKarajanChannel$Multiplexer.run(AbstractStreamKarajanChannel.java:404)\n", 742, 0, NULL, 0) = 742
28516 sendto(94, "\5\0\0\0\2\0\0\0\10\0\0\0\17\0\0\0009\2\214\r", 20, 0, NULL, 0) = 20
28516 sendto(94, "\201S|\2607\1\0\0", 8, 0, NULL, 0) = 8
28507 recvfrom(94, "\5\0\0\0\3\0\0\0\2\0\0\0\4\0\0\0\233\0\353\0", 20, 0, NULL, NULL) = 20
28507 recvfrom(94, "OK", 2, 0, NULL, NULL) = 2
28507 recvfrom(94, "\4\0\0\0\0\0\0\0\t\0\0\0\r\0\0\0\260\2\263\r", 20, 0, NULL, NULL) = 20
28507 recvfrom(94, "SUBMITJOB", 9, 0, NULL, NULL) = 9
28507 recvfrom(94, "\4\0\0\0\2\0\0\0\177\1\0\0y\1\0\0\253\306)w", 20, 0, NULL, NULL) = 20
28507 recvfrom(94, "x\234\245SMS\303 \20\275\363+\364.\220\246m\254\316p\367G8\343\20 \t\206\262\0216\332\376{\t\324\357\352\305\323\356\276]\336\276y;Xm<Z<\212\325z\275kn\266\327\315f\323\354\2109\0305\243l\235\21\274\265\236\2672\16D\333`\24B8\n\36Q\366\206\307\27\333!U #\232\20K\371\360\255L\217J\366\2a\344\203q\16h]\255\352\252\251jZ\327\333\206>\305\255\331\214\207\236\216\324\250\1\350\250\342F\355\342HZ\211j\20\235t\321\20\31z\361Px\202\234\330\262\337\372>\303\264t\263\316\205\240\2000cN\362F\206\7<\315\206\220\223\210:\245\37\270-A\347p\202\272O\5t\347\330\306\22\224\336w\326\231O\343I\37\3161\347S\200g\233\226\225\206\314\341n\241\271\272H\2268}I\262\231\326/\223\207\343-\347\16\224t\3D\344\177\370L+v\263\346\nz\276\7=;s\202\271\266\351]\231\210\317>\233\302\30w\266]N\312\177Zx\357\317a\253\252\250J.\212\2453\231\300\222_\20\356\375O\225\177\35\225i\376\345\250o,\365\7?\343\357\256\376\312^\232\347T9\350\377\255\311\372\16\26I\312\31\351\347I0\242\300\243T(\6\304)\361\316!J\246\"\233\325`\225\354\201\31=\337&\352\252\"o\347\25\247\363\320$*\246\33\244oE\36\367\202\274\2\251\3211Q", 383, 0, NULL, NULL) = 383
28516 sendto(94, "\4\0\0\0\3\0\0\0-\0\0\0*\0\0\0\3\n\246\365", 20, 0, NULL, 0) = 20
28516 sendto(94, "urn:1338695764468-1338695765606-1338695765607", 45, 0, NULL, 0) = 45
28510 sendto(95, "\2\0\0\0\0\0\0\0\t\0\0\0\v\0\0\0\260\2\263\r", 20, 0, NULL, 0) = 20
28510 sendto(95, "SUBMITJOB", 9, 0, NULL, 0) = 9
28510 sendto(95, "\2\0\0\0\2\0\0\0\22\4\0\0\22\4\0\0\313RPj", 20, 0, NULL, 0) = 20
28510 sendto(95, "identity=1338695765607\nexecutable=/bin/bash\ndirectory=/stage/swift-coasters/swift_coasters/swift_dir/swiftwork/hello-20120602-2256-qs5e4kxg-k-echo-kcs4c8sk\nbatch=false\narg=_swiftwrap.staging\narg=-e\narg=/bin/echo\narg=-out\narg=hello.txt\narg=-err\narg=stderr.txt\narg=-i\narg=-d\narg=\narg=-if\narg=\narg=-of\narg=hello.txt\narg=-k\narg=-cdmfile\narg=\narg=-status\narg=provider\narg=-a\narg=Hello, world!\nstagein=proxy://u4186480a-137b07c4d76--8000-u264d7753-137b07c4d96--8000S//stage/swift-coasters/swift-0.93/cog/modules/swift/dist/swift-svn/bin/../libexec/_swiftwrap.staging\\n_swiftwrap.staging\\n10\nstageout=wrapper.error\\nproxy://u4186480a-137b07c4d76--8000-u264d7753-137b07c4d96--8000S/hello-20120602-2256-qs5e4kxg.d/echo-kcs4c8sk.error\\n2\nstageout=./hello.txt\\nproxy://u4186480a-137b07c4d76--8000-u264d7753-137b07c4d96--8000S/hello.txt\\n10\nstageout=wrapper.log\\nproxy://u4186480a-137b07c4d76--8000-u264d7753-137b07c4d96--8000S/hello-20120602-2256-qs5e4kxg.d/echo-kcs4c8sk.info\\n2\ncleanup=.\ncontact=http://ursa.cs.uchicago.edu:12000\nprovider=coaster\njm=\n", 1042, 0, NULL, 0) = 1042
28507 recvfrom(95, "\2\0\0\0\3\0\0\0\2\0\0\0\3\0\0\0\0\0\0\0", 20, 0, NULL, NULL) = 20
28507 recvfrom(95, "OK", 2, 0, NULL, NULL) = 2
28507 recvfrom(95, "\5\6\0\0\0\0\0\0\t\0\0\0\f\6\0\0\0\0\0\0", 20, 0, NULL, NULL) = 20
28507 recvfrom(95, "JOBSTATUS", 9, 0, NULL, NULL) = 9
28507 recvfrom(95, "\5\6\0\0\0\0\0\0\r\0\0\0\10\6\0\0\0\0\0\0", 20, 0, NULL, NULL) = 20
28507 recvfrom(95, "1338695765607", 13, 0, NULL, NULL) = 13
28507 recvfrom(95, "\5\6\0\0\0\0\0\0\2\0\0\0\7\6\0\0\0\0\0\0", 20, 0, NULL, NULL) = 20
28507 recvfrom(95, "16", 2, 0, NULL, NULL) = 2
28507 recvfrom(95, "\5\6\0\0\0\0\0\0\1\0\0\0\4\6\0\0\0\0\0\0", 20, 0, NULL, NULL) = 20
28507 recvfrom(95, "0", 1, 0, NULL, NULL) = 1
28507 recvfrom(95, "\5\6\0\0\2\0\0\0\17\0\0\0\10\6\0\0\0\0\0\0", 20, 0, NULL, NULL) = 20
28507 recvfrom(95, "workerid=000000", 15, 0, NULL, NULL) = 15
28516 sendto(94, "\6\0\0\0\0\0\0\0\t\0\0\0\17\0\0\0\300\2|\r", 20, 0, NULL, 0) = 20
28516 sendto(94, "JOBSTATUS", 9, 0, NULL, 0) = 9
28516 sendto(94, "\6\0\0\0\0\0\0\0-\0\0\0+\0\0\0\3\n\246\365", 20, 0, NULL, 0) = 20
28510 sendto(95, "\5\6\0\0\3\0\0\0\2\0\0\0\4\6\0\0\233\0\353\0", 20, 0, NULL, 0 <unfinished ...>
28516 sendto(94, "urn:1338695764468-1338695765606-1338695765607", 45, 0, NULL, 0 <unfinished ...>
28507 recvfrom(95,  <unfinished ...>
28510 <... sendto resumed> )            = 20
28516 <... sendto resumed> )            = 45
28507 <... recvfrom resumed> "\6\6\0\0\0\0\0\0\3\0\0\0\5\6\0\0\0\0\0\0", 20, 0, NULL, NULL) = 20
28510 sendto(95, "OK", 2, 0, NULL, 0 <unfinished ...>
28516 sendto(94, "\6\0\0\0\0\0\0\0\2\0\0\0\4\0\0\0h\0\232\0", 20, 0, NULL, 0 <unfinished ...>
28510 <... sendto resumed> )            = 2
28516 <... sendto resumed> )            = 20
28516 sendto(94, "16", 2, 0, NULL, 0 <unfinished ...>
28507 recvfrom(95,  <unfinished ...>
28516 <... sendto resumed> )            = 2
28507 <... recvfrom resumed> "GET", 3, 0, NULL, NULL) = 3
28516 sendto(94, "\6\0\0\0\0\0\0\0\1\0\0\0\7\0\0\0001\0001\0", 20, 0, NULL, 0) = 20
28516 sendto(94, "0", 1, 0, NULL, 0)    = 1
28516 sendto(94, "\6\0\0\0\0\0\0\0\17\0\0\0\t\0\0\0\305\4\37-", 20, 0, NULL, 0) = 20
28507 recvfrom(95, "\6\6\0\0\0\0\0\0\244\0\0\0\242\6\0\0\0\0\0\0", 20, 0, NULL, NULL) = 20
28516 sendto(94, "workerid=000000", 15, 0, NULL, 0) = 15
28507 recvfrom(95,  <unfinished ...>
28516 sendto(94, "\6\0\0\0\2\0\0\0\10\0\0\0\f\0\0\0\6\2\363\v", 20, 0, NULL, 0 <unfinished ...>
28507 <... recvfrom resumed> "proxy://u4186480a-137b07c4d76--8000-u264d7753-137b07c4d96--8000S//stage/swift-coasters/swift-0.93/cog/modules/swift/dist/swift-svn/bin/../libexec/_swiftwrap.staging", 164, 0, NULL, NULL) = 164
28516 <... sendto resumed> )            = 20
28516 sendto(94, "MT|\2607\1\0\0", 8, 0, NULL, 0) = 8
28507 recvfrom(95, "\6\6\0\0\2\0\0\0x\0\0\0|\6\0\0\0\0\0\0", 20, 0, NULL, NULL) = 20
28507 recvfrom(95, "/stage/swift-coasters/swift_coasters/swift_dir/swiftwork/hello-20120602-2256-qs5e4kxg-k-echo-kcs4c8sk/_swiftwrap.staging", 120, 0, NULL, NULL) = 120
28516 sendto(94, "\7\0\0\0\0\0\0\0\3\0\0\0\4\0\0\0\341\0\266\1", 20, 0, NULL, 0) = 20
28516 sendto(94, "GET", 3, 0, NULL, 0)  = 3
28516 sendto(94, "\7\0\0\0\0\0\0\0t\0\0\0s\0\0\0\361*\232\267", 20, 0, NULL, 0) = 20
28516 sendto(94, "file://localhost//stage/swift-coasters/swift-0.93/cog/modules/swift/dist/swift-svn/bin/../libexec/_swiftwrap.staging", 116, 0, NULL, 0) = 116
28516 sendto(94, "\7\0\0\0\2\0\0\0x\0\0\0}\0\0\0\232+\234\177", 20, 0, NULL, 0) = 20
28516 sendto(94, "/stage/swift-coasters/swift_coasters/swift_dir/swiftwork/hello-20120602-2256-qs5e4kxg-k-echo-kcs4c8sk/_swiftwrap.staging", 120, 0, NULL, 0) = 120
28507 recvfrom(94, "\6\0\0\0\3\0\0\0\2\0\0\0\7\0\0\0\233\0\353\0", 20, 0, NULL, NULL) = 20
28507 recvfrom(94, "OK", 2, 0, NULL, NULL) = 2
28507 recvfrom(94, "\7\0\0\0\1\0\0\0\10\0\0\0\16\0\0\0\316\0Y\6", 20, 0, NULL, NULL) = 20
28507 recvfrom(94, "\266\27\0\0\0\0\0\0", 8, 0, NULL, NULL) = 8
28510 sendto(95, "\6\6\0\0\1\0\0\0\10\0\0\0\17\6\0\0\316\0Y\6", 20, 0, NULL, 0 <unfinished ...>
28507 recvfrom(94, "\7\0\0\0\3\0\0\0\266\27\0\0\262\27\0\0\27\223\355\302", 20, 0, NULL, NULL) = 20
28510 <... sendto resumed> )            = 20
28510 sendto(95, "\266\27\0\0\0\0\0\0", 8, 0, NULL, 0 <unfinished ...>
28507 recvfrom(94,  <unfinished ...>
28510 <... sendto resumed> )            = 8
28507 <... recvfrom resumed> "# this script must be invoked inside of bash, not plain sh\n\nopeninfo() {\n\texec 3<> $1\n\tINFO=3\n}\n\ncloseinfo() {\n\texec 3>&-\n}\n\n# Clobbered by SWIFTWRAP_FAST\nlog() {\n\techo \"$@\" >& \"$INFO\"\n}\n\n# Clobbered by SWIFTWRAP_FAST\ninfosection() {\n\techo >& \"$INFO\"\n\techo \"_____________________________________________________________________________\" >& \"$INFO\"\n\techo >& \"$INFO\"\n\techo \"        $1\" >& \"$INFO\"\n\techo \"_____________________________________________________________________________\" >& \"$INFO\"\n\techo >& \"$INFO\"\n}\n\ninfo() {\n\tinfosection \"uname -a\"\n\tuname -a 2>&1 >& \"$INFO\"\n\tinfosection \"id\"\n\tid 2>&1 >& \"$INFO\"\n\tinfosection \"env\"\n\tenv 2>&1 >& \"$INFO\"\n\tinfosection \"df\"\n\tdf 2>&1 >& \"$INFO\"\n        if [ -e \"/proc/cpuinfo\" ]; then\n\t\tinfosection \"/proc/cpuinfo\"\n\t\tcat /proc/cpuinfo 2>&1 >& \"$INFO\"\n\tfi\n\tif [ -e \"/proc/meminfo\" ]; then\n\t\tinfosection \"/proc/meminfo\"\n\t\tcat /proc/meminfo 2>&1 >& \"$INFO\"\n\tfi\n\tinfosection \"command line\"\n\techo $COMMANDLINE 2>&1 >& \"$INFO\"\n\tif [ -f \"$STDOUT\" ] ; then\n\t\tinfosection \"stdout\"\n\t\tcat $STDOUT >& \"$INFO\"\n\tfi\n\tif [ -f \"$STDERR\" ] ; then\n\t\tinfosection \"stderr\"\n\t\tcat $STDERR >& \"$INFO\"\n\tfi\n}\n\n# Clobbered by SWIFTWRAP_FAST\nlogstate() {\n\techo \"Progress \" `date +\"%Y-%m-%d %H:%M:%S.%N%z\"` \" $@\" >& \"$INFO\"\n}\n\nfail() {\n\tEC=$1\n\tshift\n\n\tlog $@\n\tinfo\n\techo \"$@\" >> wrapper.error\n\texit $EC\n}\n\ncheckError() {\n\tif [ \"$?\" != \"0\" ]; then\n\t\tfail $@\n\tfi\n}\n\ncheckEmpty() {\n\tif [ \"$1\" == \"\" ]; then\n\t\tshift\n\t\tfail 254 $@\n\tfi\n}\n\n# Clobbered by SWIFTWRAP_FAST\ncheckMissing() {\n\tMISSING=\n\tfor O in $OUTF ; do\n\t\tif [ ! -f \"$O\" ]; then\n\t\t\tif [ \"$MISSING\" == \"\" ]; then\n\t\t\t\tMISSING=$O\n\t\t\telse\n\t\t\t\tMISSING=\"$MISSING, $O\"\n\t\t\tfi\n\t\tfi\n\tdone\n\tif [ \"$MISSING\" != \"\" ]; then\n\t\tfail 254 \"The following output files were not created by the application: $MISSING\"\n\tfi\n}\n\ncheckparamfile() {\n\tlog \"checking for paramfile\"\n\tif [ \"$1\" == \"-p\" ]; then\n\t\tJOBDIR=$2\n\t\tPARAMFILE=${WFDIR}/parameters/${JOBDIR}/param-${ID}\n\t\tlog \"paramfile is: $PARAMFILE\"\n\telse\n\t\tlog \"no paramfile: using command line arguments\"\n\tfi\n}\n\ngetarg() {\n\tNAME=$1\n\tshift\n\tVALUE=\"\"\n\tSHIFTCOUNT=0\n\tif [ \"$PARAMFILE\" == \"\" ] && [ \"$1\" == \"$NAME\" ]; then\n\t\tshift\n\t\tlet \"SHIFTCOUNT=$SHIFTCOUNT+1\"\n\t\twhile [ \"${1:0:1}\" != \"-\" ] && [ \"$#\" != \"0\" ]; do\n\t\t\tVALUE=\"$VALUE $1\"\n\t\t\tshift\n\t\t\tlet \"SHIFTCOUNT=$SHIFTCOUNT+1\"\n\t\tdone\n\t\tVALUE=\"${VALUE:1}\"\n\telif [ \"$PARAMFILE\" != \"\" ] && grep -E \"^$NAME \" $PARAMFILE ; then\n\t\t\tVALUE=$(grep -E \"^$NAME \" $PARAMFILE | cut -d \' \' -f 2-)\n\telse\n\t\tfail 254 \"Missing $NAME argument\"\n\tfi\n}\n\nCOMMANDLINE=$@\n\n# make the WFDIR absolute\nPARAMFILE=\n\nopeninfo \"wrapper.log\"\n\ncheckparamfile \"$@\"\n\n# # SWIFTWRAP_FAST: Turn things off for speed\nif [[ $SWIFTWRAP_FAST == \"1\" ]]; then\n\tshopt -s expand_aliases\n\talias infosection=:\n\talias logstate=:\n\talias log=:\n\talias checkMissing=:\nfi\n\nif [ \"X$INFODIR\" == \"X\" ]; then\n\tINFODIR=\".\"\nfi\n\nlogstate \"LOG_START\"\ninfosection \"Wrapper (_swiftwrap.staging)\"\n\nlog $COMMANDLINE\n\ngetarg \"-e\" \"$@\"\nEXEC=$VALUE\nshift $SHIFTCOUNT\n\ngetarg \"-out\" \"$@\"\nSTDOUT=$VALUE\nshift $SHIFTCOUNT\n\ngetarg \"-err\" \"$@\"\nSTDERR=$VALUE\nshift $SHIFTCOUNT\n\ngetarg \"-i\" \"$@\"\nSTDIN=$VALUE\nshift $SHIFTCOUNT\n\ngetarg \"-d\" \"$@\"\nDIRS=$VALUE\nshift $SHIFTCOUNT\n\ngetarg \"-if\" \"$@\"\nINF=$VALUE\nshift $SHIFTCOUNT\n\ngetarg \"-of\" \"$@\"\nOUTF=$VALUE\nshift $SHIFTCOUNT\n\ngetarg \"-k\" \"$@\"\nKICKSTART=$VALUE\nshift $SHIFTCOUNT\n\ngetarg \"-cdmfile\" \"$@\"\nCDM_FILE=\nif [ \"X$VALUE\" != \"X\" ]; then\n\tCDM_FILE=$VALUE\n\tlog \"CDM_FILE: $CDM_FILE\"\nfi\nshift $SHIFTCOUNT\n\ngetarg \"-status\" \"$@\"\nSTATUSMODE=$VALUE\nshift $SHIFTCOUNT\n\ndeclare -a CMDARGS\nif [ \"$PARAMFILE\" == \"\" ] && [ \"$1\" == \"-a\" ] ; then\n\tshift\n\tCMDARGS=(\"$@\")\nelif [ \"$PARAMFILE\" != \"\" ] ; then\n\tCMDARGS=()\n\tFIRST=1\n\twhile read line ; do\n\t\tif [ \"$FIRST\" == \"1\" ] ; then\n\t\t\tCMDARGS=(\"$line\")\n\t\t\tFIRST=0\n\t\telse\n\t\t\tCMDARGS=(\"${CMDARGS[*]}\" \"$line\")\n\t\tfi\n\tdone < <(grep -E \"^-a \" $PARAMFILE | cut -d \" \" -f 2-)\nelse\n\tfail 254 \"Missing arguments (-a option)\"\nfi\n\n[[ $CDM_FILE != \"\" ]] && source cdm_lib.sh\n\nPATH=$PATH:/bin:/usr/bin\n\nif [ \"$PATHPREFIX\" != \"\" ]; then\n\texport PATH=$PATHPREFIX:$PATH\nfi\n\nif [ \"$SWIFT_EXTRA_INFO\" != \"\" ]; then\n\tlog \"EXTRAINFO=$($SWIFT_EXTRA_INFO)\"\nfi\n\nif [ \"X${EXEC:0:1}\" != \"X/\" ] ; then\n\texport ORIGEXEC=$EXEC\n\texport EXEC=$(which $EXEC)\n\tif [ \"X$EXEC\" = \"X\" ] ; then\n\t\tfail 254 \"Cannot find executable $ORIGEXEC on site system path\"\n\tfi\nfi\n\nlog \"PWD=$PWD\"\nlog \"EXEC=$EXEC\"\nlog \"STDIN=$STDIN\"\nlog \"STDOUT=$STDOUT\"\nlog \"STDERR=$STDERR\"\nlog \"DIRS=$DIRS\"\nlog \"INF=$INF\"\nlog \"OUTF=$OUTF\"\nlog \"KICKSTART=$KICKSTART\"\nlog \"ARGS=$@\"\nlog \"ARGC=$#\"\n\nIFS=\"|\"\n\nlogstate \"CREATE_INPUTDIR\"\nfor D in $DIRS ; do\n\tif [ _$D != _ ]; then\n\t\tmkdir -p \"$D\" 2>&1 >>\"$INFO\"\n\tfi\n\tcheckError 254 \"Failed to create input directory $D\"\n\tlog \"Created output directory: $D\"\ndone\n\nif [[ $CDM_FILE != \"\" ]] ; then\n\tfor F in $INF ; do\n\t\tCDM_POLICY=$( cdm_lookup cdm.pl $CDM_FILE $F )\n\t\tlog \"CDM_POLICY: $F -> $CDM_POLICY\"\n\t\teval cdm_action $PWD \"INPUT\" $F $CDM_POLICY\n\tdone\n\tfor F in $OUTF ; do\n\t\tCDM_POLICY=$( cdm_lookup cdm.pl $CDM_FILE $F )\n\t\tlog \"CDM_POLICY: $F -> $CDM_POLICY\"\n\t\teval cdm_action $PWD \"OUTPUT\" $F $CDM_POLICY\n\tdone\nfi\n\nlogstate \"EXECUTE\"\n\nif [ ! -f \"$EXEC\" ]; then\n\tfail 254 \"The executable $EXEC does not exist\"\nfi\nif [ ! -x \"$EXEC\" ]; then\n\tfail 254 \"The executable $EXEC does not have the executable bit set\"\nfi\n\nif [ \"$STDIN\" == \"\" ]; then\n\tif [ \"$SWIFT_GEN_SCRIPTS\" != \"\" ]; then\n\t\techo \"#!/bin/bash\" > run.sh\n\t\techo \"\\\"$EXEC\\\" \\\"${CMDARGS[@]}\\\" 1>\\\"$STDOUT\\\" 2>\\\"$STDERR\\\"\" >> run.sh\n\t\tchmod +x run.sh\n\tfi\n\t\"$EXEC\" \"${CMDARGS[@]}\" 1>\"$STDOUT\" 2>\"$STDERR\"\nelse\n\tif [ \"$SWIFT_GEN_SCRIPTS\" != \"\" ]; then\n\t\techo \"#!/bin/bash\" > run.sh\n\t\techo \"\\\"$EXEC\\\" \\\"${CMDARGS[@]}\\\" 1>\\\"$STDOUT\\\" 2>\\\"$STDERR\\\" <\\\"$STDIN\\\"\" >> run.sh\n\t\tchmod +x run.sh\n\tfi\n\t\"$EXEC\" \"${CMDARGS[@]}\" 1>\"$STDOUT\" 2>\"$STDERR\" <\"$STDIN\"\nfi\ncheckError $? \"Application $EXEC failed with an exit code of $?\" <$STDERR\n\nlogstate \"EXECUTE_DONE\"\nlog \"Job ran successfully\"\n\ncheckMissing\n\nlogstate \"END\"\n\ncloseinfo\n\n# ensure we exit with a 0 after a successful execution\nexit 0\n\n# Local Variables:\n# mode: sh\n# sh-basic-offset: 4\n# tab-width: 4\n# indent-tabs-mode: 1\n# End:\n", 6070, 0, NULL, NULL) = 6070
28510 sendto(95, "\6\6\0\0\3\0\0\0\266\27\0\0\263\21\0\0\27\223\355\302", 20, 0, NULL, 0) = 20
28510 sendto(95, "# this script must be invoked inside of bash, not plain sh\n\nopeninfo() {\n\texec 3<> $1\n\tINFO=3\n}\n\ncloseinfo() {\n\texec 3>&-\n}\n\n# Clobbered by SWIFTWRAP_FAST\nlog() {\n\techo \"$@\" >& \"$INFO\"\n}\n\n# Clobbered by SWIFTWRAP_FAST\ninfosection() {\n\techo >& \"$INFO\"\n\techo \"_____________________________________________________________________________\" >& \"$INFO\"\n\techo >& \"$INFO\"\n\techo \"        $1\" >& \"$INFO\"\n\techo \"_____________________________________________________________________________\" >& \"$INFO\"\n\techo >& \"$INFO\"\n}\n\ninfo() {\n\tinfosection \"uname -a\"\n\tuname -a 2>&1 >& \"$INFO\"\n\tinfosection \"id\"\n\tid 2>&1 >& \"$INFO\"\n\tinfosection \"env\"\n\tenv 2>&1 >& \"$INFO\"\n\tinfosection \"df\"\n\tdf 2>&1 >& \"$INFO\"\n        if [ -e \"/proc/cpuinfo\" ]; then\n\t\tinfosection \"/proc/cpuinfo\"\n\t\tcat /proc/cpuinfo 2>&1 >& \"$INFO\"\n\tfi\n\tif [ -e \"/proc/meminfo\" ]; then\n\t\tinfosection \"/proc/meminfo\"\n\t\tcat /proc/meminfo 2>&1 >& \"$INFO\"\n\tfi\n\tinfosection \"command line\"\n\techo $COMMANDLINE 2>&1 >& \"$INFO\"\n\tif [ -f \"$STDOUT\" ] ; then\n\t\tinfosection \"stdout\"\n\t\tcat $STDOUT >& \"$INFO\"\n\tfi\n\tif [ -f \"$STDERR\" ] ; then\n\t\tinfosection \"stderr\"\n\t\tcat $STDERR >& \"$INFO\"\n\tfi\n}\n\n# Clobbered by SWIFTWRAP_FAST\nlogstate() {\n\techo \"Progress \" `date +\"%Y-%m-%d %H:%M:%S.%N%z\"` \" $@\" >& \"$INFO\"\n}\n\nfail() {\n\tEC=$1\n\tshift\n\n\tlog $@\n\tinfo\n\techo \"$@\" >> wrapper.error\n\texit $EC\n}\n\ncheckError() {\n\tif [ \"$?\" != \"0\" ]; then\n\t\tfail $@\n\tfi\n}\n\ncheckEmpty() {\n\tif [ \"$1\" == \"\" ]; then\n\t\tshift\n\t\tfail 254 $@\n\tfi\n}\n\n# Clobbered by SWIFTWRAP_FAST\ncheckMissing() {\n\tMISSING=\n\tfor O in $OUTF ; do\n\t\tif [ ! -f \"$O\" ]; then\n\t\t\tif [ \"$MISSING\" == \"\" ]; then\n\t\t\t\tMISSING=$O\n\t\t\telse\n\t\t\t\tMISSING=\"$MISSING, $O\"\n\t\t\tfi\n\t\tfi\n\tdone\n\tif [ \"$MISSING\" != \"\" ]; then\n\t\tfail 254 \"The following output files were not created by the application: $MISSING\"\n\tfi\n}\n\ncheckparamfile() {\n\tlog \"checking for paramfile\"\n\tif [ \"$1\" == \"-p\" ]; then\n\t\tJOBDIR=$2\n\t\tPARAMFILE=${WFDIR}/parameters/${JOBDIR}/param-${ID}\n\t\tlog \"paramfile is: $PARAMFILE\"\n\telse\n\t\tlog \"no paramfile: using command line arguments\"\n\tfi\n}\n\ngetarg() {\n\tNAME=$1\n\tshift\n\tVALUE=\"\"\n\tSHIFTCOUNT=0\n\tif [ \"$PARAMFILE\" == \"\" ] && [ \"$1\" == \"$NAME\" ]; then\n\t\tshift\n\t\tlet \"SHIFTCOUNT=$SHIFTCOUNT+1\"\n\t\twhile [ \"${1:0:1}\" != \"-\" ] && [ \"$#\" != \"0\" ]; do\n\t\t\tVALUE=\"$VALUE $1\"\n\t\t\tshift\n\t\t\tlet \"SHIFTCOUNT=$SHIFTCOUNT+1\"\n\t\tdone\n\t\tVALUE=\"${VALUE:1}\"\n\telif [ \"$PARAMFILE\" != \"\" ] && grep -E \"^$NAME \" $PARAMFILE ; then\n\t\t\tVALUE=$(grep -E \"^$NAME \" $PARAMFILE | cut -d \' \' -f 2-)\n\telse\n\t\tfail 254 \"Missing $NAME argument\"\n\tfi\n}\n\nCOMMANDLINE=$@\n\n# make the WFDIR absolute\nPARAMFILE=\n\nopeninfo \"wrapper.log\"\n\ncheckparamfile \"$@\"\n\n# # SWIFTWRAP_FAST: Turn things off for speed\nif [[ $SWIFTWRAP_FAST == \"1\" ]]; then\n\tshopt -s expand_aliases\n\talias infosection=:\n\talias logstate=:\n\talias log=:\n\talias checkMissing=:\nfi\n\nif [ \"X$INFODIR\" == \"X\" ]; then\n\tINFODIR=\".\"\nfi\n\nlogstate \"LOG_START\"\ninfosection \"Wrapper (_swiftwrap.staging)\"\n\nlog $COMMANDLINE\n\ngetarg \"-e\" \"$@\"\nEXEC=$VALUE\nshift $SHIFTCOUNT\n\ngetarg \"-out\" \"$@\"\nSTDOUT=$VALUE\nshift $SHIFTCOUNT\n\ngetarg \"-err\" \"$@\"\nSTDERR=$VALUE\nshift $SHIFTCOUNT\n\ngetarg \"-i\" \"$@\"\nSTDIN=$VALUE\nshift $SHIFTCOUNT\n\ngetarg \"-d\" \"$@\"\nDIRS=$VALUE\nshift $SHIFTCOUNT\n\ngetarg \"-if\" \"$@\"\nINF=$VALUE\nshift $SHIFTCOUNT\n\ngetarg \"-of\" \"$@\"\nOUTF=$VALUE\nshift $SHIFTCOUNT\n\ngetarg \"-k\" \"$@\"\nKICKSTART=$VALUE\nshift $SHIFTCOUNT\n\ngetarg \"-cdmfile\" \"$@\"\nCDM_FILE=\nif [ \"X$VALUE\" != \"X\" ]; then\n\tCDM_FILE=$VALUE\n\tlog \"CDM_FILE: $CDM_FILE\"\nfi\nshift $SHIFTCOUNT\n\ngetarg \"-status\" \"$@\"\nSTATUSMODE=$VALUE\nshift $SHIFTCOUNT\n\ndeclare -a CMDARGS\nif [ \"$PARAMFILE\" == \"\" ] && [ \"$1\" == \"-a\" ] ; then\n\tshift\n\tCMDARGS=(\"$@\")\nelif [ \"$PARAMFILE\" != \"\" ] ; then\n\tCMDARGS=()\n\tFIRST=1\n\twhile read line ; do\n\t\tif [ \"$FIRST\" == \"1\" ] ; then\n\t\t\tCMDARGS=(\"$line\")\n\t\t\tFIRST=0\n\t\telse\n\t\t\tCMDARGS=(\"${CMDARGS[*]}\" \"$line\")\n\t\tfi\n\tdone < <(grep -E \"^-a \" $PARAMFILE | cut -d \" \" -f 2-)\nelse\n\tfail 254 \"Missing arguments (-a option)\"\nfi\n\n[[ $CDM_FILE != \"\" ]] && source cdm_lib.sh\n\nPATH=$PATH:/bin:/usr/bin\n\nif [ \"$PATHPREFIX\" != \"\" ]; then\n\texport PATH=$PATHPREFIX:$PATH\nfi\n\nif [ \"$SWIFT_EXTRA_INFO\" != \"\" ]; then\n\tlog \"EXTRAINFO=$($SWIFT_EXTRA_INFO)\"\nfi\n\nif [ \"X${EXEC:0:1}\" != \"X/\" ] ; then\n\texport ORIGEXEC=$EXEC\n\texport EXEC=$(which $EXEC)\n\tif [ \"X$EXEC\" = \"X\" ] ; then\n\t\tfail 254 \"Cannot find executable $ORIGEXEC on site system path\"\n\tfi\nfi\n\nlog \"PWD=$PWD\"\nlog \"EXEC=$EXEC\"\nlog \"STDIN=$STDIN\"\nlog \"STDOUT=$STDOUT\"\nlog \"STDERR=$STDERR\"\nlog \"DIRS=$DIRS\"\nlog \"INF=$INF\"\nlog \"OUTF=$OUTF\"\nlog \"KICKSTART=$KICKSTART\"\nlog \"ARGS=$@\"\nlog \"ARGC=$#\"\n\nIFS=\"|\"\n\nlogstate \"CREATE_INPUTDIR\"\nfor D in $DIRS ; do\n\tif [ _$D != _ ]; then\n\t\tmkdir -p \"$D\" 2>&1 >>\"$INFO\"\n\tfi\n\tcheckError 254 \"Failed to create input directory $D\"\n\tlog \"Created output directory: $D\"\ndone\n\nif [[ $CDM_FILE != \"\" ]] ; then\n\tfor F in $INF ; do\n\t\tCDM_POLICY=$( cdm_lookup cdm.pl $CDM_FILE $F )\n\t\tlog \"CDM_POLICY: $F -> $CDM_POLICY\"\n\t\teval cdm_action $PWD \"INPUT\" $F $CDM_POLICY\n\tdone\n\tfor F in $OUTF ; do\n\t\tCDM_POLICY=$( cdm_lookup cdm.pl $CDM_FILE $F )\n\t\tlog \"CDM_POLICY: $F -> $CDM_POLICY\"\n\t\teval cdm_action $PWD \"OUTPUT\" $F $CDM_POLICY\n\tdone\nfi\n\nlogstate \"EXECUTE\"\n\nif [ ! -f \"$EXEC\" ]; then\n\tfail 254 \"The executable $EXEC does not exist\"\nfi\nif [ ! -x \"$EXEC\" ]; then\n\tfail 254 \"The executable $EXEC does not have the executable bit set\"\nfi\n\nif [ \"$STDIN\" == \"\" ]; then\n\tif [ \"$SWIFT_GEN_SCRIPTS\" != \"\" ]; then\n\t\techo \"#!/bin/bash\" > run.sh\n\t\techo \"\\\"$EXEC\\\" \\\"${CMDARGS[@]}\\\" 1>\\\"$STDOUT\\\" 2>\\\"$STDERR\\\"\" >> run.sh\n\t\tchmod +x run.sh\n\tfi\n\t\"$EXEC\" \"${CMDARGS[@]}\" 1>\"$STDOUT\" 2>\"$STDERR\"\nelse\n\tif [ \"$SWIFT_GEN_SCRIPTS\" != \"\" ]; then\n\t\techo \"#!/bin/bash\" > run.sh\n\t\techo \"\\\"$EXEC\\\" \\\"${CMDARGS[@]}\\\" 1>\\\"$STDOUT\\\" 2>\\\"$STDERR\\\" <\\\"$STDIN\\\"\" >> run.sh\n\t\tchmod +x run.sh\n\tfi\n\t\"$EXEC\" \"${CMDARGS[@]}\" 1>\"$STDOUT\" 2>\"$STDERR\" <\"$STDIN\"\nfi\ncheckError $? \"Application $EXEC failed with an exit code of $?\" <$STDERR\n\nlogstate \"EXECUTE_DONE\"\nlog \"Job ran successfully\"\n\ncheckMissing\n\nlogstate \"END\"\n\ncloseinfo\n\n# ensure we exit with a 0 after a successful execution\nexit 0\n\n# Local Variables:\n# mode: sh\n# sh-basic-offset: 4\n# tab-width: 4\n# indent-tabs-mode: 1\n# End:\n", 6070, 0, NULL, 0) = 6070
28507 recvfrom(95, "\7\6\0\0\0\0\0\0\t\0\0\0\16\6\0\0\0\0\0\0", 20, 0, NULL, NULL) = 20
28507 recvfrom(95, "JOBSTATUS", 9, 0, NULL, NULL) = 9
28507 recvfrom(95, "\7\6\0\0\0\0\0\0\r\0\0\0\n\6\0\0\0\0\0\0", 20, 0, NULL, NULL) = 20
28507 recvfrom(95, "1338695765607", 13, 0, NULL, NULL) = 13
28507 recvfrom(95, "\7\6\0\0\0\0\0\0\1\0\0\0\6\6\0\0\0\0\0\0", 20, 0, NULL, NULL) = 20
28507 recvfrom(95, "2", 1, 0, NULL, NULL) = 1
28507 recvfrom(95, "\7\6\0\0\0\0\0\0\1\0\0\0\6\6\0\0\0\0\0\0", 20, 0, NULL, NULL) = 20
28507 recvfrom(95, "0", 1, 0, NULL, NULL) = 1
28507 recvfrom(95, "\7\6\0\0\2\0\0\0\17\0\0\0\n\6\0\0\0\0\0\0", 20, 0, NULL, NULL) = 20
28507 recvfrom(95, "workerid=000000", 15, 0, NULL, NULL) = 15
28516 sendto(94, "\10\0\0\0\0\0\0\0\t\0\0\0\1\0\0\0\300\2|\r", 20, 0, NULL, 0) = 20
28516 sendto(94, "JOBSTATUS", 9, 0, NULL, 0) = 9
28516 sendto(94, "\10\0\0\0\0\0\0\0-\0\0\0%\0\0\0\3\n\246\365", 20, 0, NULL, 0) = 20
28516 sendto(94, "urn:1338695764468-1338695765606-1338695765607", 45, 0, NULL, 0) = 45
28510 sendto(95, "\7\6\0\0\3\0\0\0\2\0\0\0\6\6\0\0\233\0\353\0", 20, 0, NULL, 0 <unfinished ...>
28516 sendto(94, "\10\0\0\0\0\0\0\0\1\0\0\0\t\0\0\0003\0003\0", 20, 0, NULL, 0 <unfinished ...>
28510 <... sendto resumed> )            = 20
28516 <... sendto resumed> )            = 20
28510 sendto(95, "OK", 2, 0, NULL, 0 <unfinished ...>
28516 sendto(94, "2", 1, 0, NULL, 0 <unfinished ...>
28510 <... sendto resumed> )            = 2
28516 <... sendto resumed> )            = 1
28516 sendto(94, "\10\0\0\0\0\0\0\0\1\0\0\0\t\0\0\0001\0001\0", 20, 0, NULL, 0) = 20
28516 sendto(94, "0", 1, 0, NULL, 0)    = 1
28516 sendto(94, "\10\0\0\0\0\0\0\0\17\0\0\0\7\0\0\0\305\4\37-", 20, 0, NULL, 0) = 20
28516 sendto(94, "workerid=000000", 15, 0, NULL, 0) = 15
28516 sendto(94, "\10\0\0\0\2\0\0\0\10\0\0\0\2\0\0\0s\2[\17", 20, 0, NULL, 0) = 20
28516 sendto(94, "\272T|\2607\1\0\0", 8, 0, NULL, 0) = 8
28507 recvfrom(95, "\10\6\0\0\0\0\0\0\t\0\0\0\1\6\0\0\0\0\0\0", 20, 0, NULL, NULL) = 20
28507 recvfrom(95, "JOBSTATUS", 9, 0, NULL, NULL) = 9
28507 recvfrom(94, "\10\0\0\0\3\0\0\0\2\0\0\0\t\0\0\0\233\0\353\0", 20, 0, NULL, NULL) = 20
28507 recvfrom(95, "\10\6\0\0\0\0\0\0\r\0\0\0\5\6\0\0\0\0\0\0", 20, 0, NULL, NULL) = 20
28507 recvfrom(95, "1338695765607", 13, 0, NULL, NULL) = 13
28507 recvfrom(95, "\10\6\0\0\0\0\0\0\1\0\0\0\t\6\0\0\0\0\0\0", 20, 0, NULL, NULL) = 20
28507 recvfrom(95, "5", 1, 0, NULL, NULL) = 1
28507 recvfrom(95, "\10\6\0\0\0\0\0\0\3\0\0\0\v\6\0\0\0\0\0\0", 20, 0, NULL, NULL) = 20
28507 recvfrom(95, "126", 3, 0, NULL, NULL) = 3
28507 recvfrom(95, "\10\6\0\0\2\0\0\0#\0\0\0)\6\0\0\0\0\0\0", 20, 0, NULL, NULL) = 20
28507 recvfrom(95, "Job failed with an exit code of 126", 35, 0, NULL, NULL) = 35
28516 sendto(94, "\t\0\0\0\0\0\0\0\t\0\0\0\0\0\0\0\300\2|\r", 20, 0, NULL, 0) = 20
28516 sendto(94, "JOBSTATUS", 9, 0, NULL, 0) = 9
28516 sendto(94, "\t\0\0\0\0\0\0\0-\0\0\0$\0\0\0\3\n\246\365", 20, 0, NULL, 0) = 20
28516 sendto(94, "urn:1338695764468-1338695765606-1338695765607", 45, 0, NULL, 0) = 45
28516 sendto(94, "\t\0\0\0\0\0\0\0\1\0\0\0\10\0\0\0006\0006\0", 20, 0, NULL, 0) = 20
28516 sendto(94, "5", 1, 0, NULL, 0)    = 1
28516 sendto(94, "\t\0\0\0\0\0\0\0\3\0\0\0\n\0\0\0\232\0000\1", 20, 0, NULL, 0) = 20
28516 sendto(94, "126", 3, 0, NULL, 0)  = 3
28516 sendto(94, "\t\0\0\0\0\0\0\0\346\2\0\0\357\2\0\0\354\21_\375", 20, 0, NULL, 0) = 20
28516 sendto(94, "Job failed with an exit code of 126\norg.globus.cog.abstraction.impl.common.execution.JobException: Job failed with an exit code of 126\n\tat org.globus.cog.abstraction.coaster.service.local.JobStatusHandler.requestComplete(JobStatusHandler.java:37)\n\tat org.globus.cog.karajan.workflow.service.handlers.RequestHandler.receiveCompleted(RequestHandler.java:87)\n\tat org.globus.cog.karajan.workflow.service.channels.AbstractKarajanChannel.handleRequest(AbstractKarajanChannel.java:481)\n\tat org.globus.cog.karajan.workflow.service.channels.AbstractStreamKarajanChannel.step(AbstractStreamKarajanChannel.java:180)\n\tat org.globus.cog.karajan.workflow.service.channels.AbstractStreamKarajanChannel$Multiplexer.run(AbstractStreamKarajanChannel.java:404)\n", 742, 0, NULL, 0) = 742
28507 recvfrom(94, "OK", 2, 0, NULL, NULL) = 2
28516 sendto(94, "\t\0\0\0\2\0\0\0\10\0\0\0\3\0\0\0\263\2[\21", 20, 0, NULL, 0) = 20
28510 sendto(95, "\10\6\0\0\3\0\0\0\2\0\0\0\t\6\0\0\233\0\353\0", 20, 0, NULL, 0 <unfinished ...>
28516 sendto(94, "\372T|\2607\1\0\0", 8, 0, NULL, 0 <unfinished ...>
28510 <... sendto resumed> )            = 20
28516 <... sendto resumed> )            = 8
28510 sendto(95, "OK", 2, 0, NULL, 0)   = 2
28507 recvfrom(94, "\t\0\0\0\3\0\0\0\2\0\0\0\10\0\0\0\233\0\353\0", 20, 0, NULL, NULL) = 20
28507 recvfrom(94, "OK", 2, 0, NULL, NULL) = 2
28507 recvfrom(95, "\t\6\0\0\2\0\0\0\t\0\0\0\2\6\0\0\0\0\0\0", 20, 0, NULL, NULL) = 20
28507 recvfrom(95, "HEARTBEAT", 9, 0, NULL, NULL) = 9
28510 sendto(95, "\t\6\0\0\3\0\0\0\r\0\0\0\7\6\0\0\267\2\325\22", 20, 0, NULL, 0) = 20
28510 sendto(95, "1338695771488", 13, 0, NULL, 0) = 13
28510 sendto(95, "\3\0\0\0\0\0\0\0\t\0\0\0\n\0\0\0\221\2\275\f", 20, 0, NULL, 0) = 20
28510 sendto(95, "HEARTBEAT", 9, 0, NULL, 0) = 9
28510 sendto(95, "\3\0\0\0\2\0\0\0\r\0\0\0\f\0\0\0\275\2\347\22", 20, 0, NULL, 0) = 20
28510 sendto(95, "1338695774599", 13, 0, NULL, 0) = 13
28507 recvfrom(95, "\3\0\0\0\3\0\0\0\r\0\0\0\r\0\0\0\0\0\0\0", 20, 0, NULL, NULL) = 20
28507 recvfrom(95, "1338695774601", 13, 0, NULL, NULL) = 13
28442 --- SIGINT (Interrupt) @ 0 (0) ---
28433 --- SIGINT (Interrupt) @ 0 (0) ---
28433 --- SIGCHLD (Child exited) @ 0 (0) ---
